The system is: Linux - 4.15.0-22-generic - x86_64
Compiling the CXX compiler identification source file "CMakeCXXCompilerId.cpp" succeeded.
Compiler: /usr/bin/c++ 
Build flags: 
Id flags:  

The output was:
0


Compilation of the CXX compiler identification source "CMakeCXXCompilerId.cpp" produced "a.out"

The CXX compiler identification is GNU, found in "/home/kevincybura/Desktop/c++/openbve2/cmake-build-debug/CMakeFiles/3.10.3/CompilerIdCXX/a.out"

Determining if the CXX compiler works passed with the following output:
Change Dir: /home/kevincybura/Desktop/c++/openbve2/cmake-build-debug/CMakeFiles/CMakeTmp

Run Build Command:"/usr/bin/make" "cmTC_c64a7/fast"
/usr/bin/make -f CMakeFiles/cmTC_c64a7.dir/build.make CMakeFiles/cmTC_c64a7.dir/build
make[1]: Entering directory '/home/kevincybura/Desktop/c++/openbve2/cmake-build-debug/CMakeFiles/CMakeTmp'
Building CXX object CMakeFiles/cmTC_c64a7.dir/testCXXCompiler.cxx.o
/usr/bin/c++     -o CMakeFiles/cmTC_c64a7.dir/testCXXCompiler.cxx.o -c /home/kevincybura/Desktop/c++/openbve2/cmake-build-debug/CMakeFiles/CMakeTmp/testCXXCompiler.cxx
Linking CXX executable cmTC_c64a7
/home/kevincybura/Desktop/clion-2018.1.3/bin/cmake/bin/cmake -E cmake_link_script CMakeFiles/cmTC_c64a7.dir/link.txt --verbose=1
/usr/bin/c++       CMakeFiles/cmTC_c64a7.dir/testCXXCompiler.cxx.o  -o cmTC_c64a7 
make[1]: Leaving directory '/home/kevincybura/Desktop/c++/openbve2/cmake-build-debug/CMakeFiles/CMakeTmp'


Detecting CXX compiler ABI info compiled with the following output:
Change Dir: /home/kevincybura/Desktop/c++/openbve2/cmake-build-debug/CMakeFiles/CMakeTmp

Run Build Command:"/usr/bin/make" "cmTC_28d75/fast"
/usr/bin/make -f CMakeFiles/cmTC_28d75.dir/build.make CMakeFiles/cmTC_28d75.dir/build
make[1]: Entering directory '/home/kevincybura/Desktop/c++/openbve2/cmake-build-debug/CMakeFiles/CMakeTmp'
Building CXX object CMakeFiles/cmTC_28d75.dir/CMakeCXXCompilerABI.cpp.o
/usr/bin/c++     -o CMakeFiles/cmTC_28d75.dir/CMakeCXXCompilerABI.cpp.o -c /home/kevincybura/Desktop/clion-2018.1.3/bin/cmake/share/cmake-3.10/Modules/CMakeCXXCompilerABI.cpp
Linking CXX executable cmTC_28d75
/home/kevincybura/Desktop/clion-2018.1.3/bin/cmake/bin/cmake -E cmake_link_script CMakeFiles/cmTC_28d75.dir/link.txt --verbose=1
/usr/bin/c++      -v CMakeFiles/cmTC_28d75.dir/CMakeCXXCompilerABI.cpp.o  -o cmTC_28d75 
Using built-in specs.
COLLECT_GCC=/usr/bin/c++
COLLECT_LTO_WRAPPER=/usr/lib/gcc/x86_64-linux-gnu/7/lto-wrapper
OFFLOAD_TARGET_NAMES=nvptx-none
OFFLOAD_TARGET_DEFAULT=1
Target: x86_64-linux-gnu
Configured with: ../src/configure -v --with-pkgversion='Ubuntu 7.3.0-16ubuntu3' --with-bugurl=file:///usr/share/doc/gcc-7/README.Bugs --enable-languages=c,ada,c++,go,brig,d,fortran,objc,obj-c++ --prefix=/usr --with-gcc-major-version-only --with-as=/usr/bin/x86_64-linux-gnu-as --with-ld=/usr/bin/x86_64-linux-gnu-ld --program-suffix=-7 --program-prefix=x86_64-linux-gnu- --enable-shared --enable-linker-build-id --libexecdir=/usr/lib --without-included-gettext --enable-threads=posix --libdir=/usr/lib --enable-nls --with-sysroot=/ --enable-clocale=gnu --enable-libstdcxx-debug --enable-libstdcxx-time=yes --with-default-libstdcxx-abi=new --enable-gnu-unique-object --disable-vtable-verify --enable-libmpx --enable-plugin --enable-default-pie --with-system-zlib --with-target-system-zlib --enable-objc-gc=auto --enable-multiarch --disable-werror --with-arch-32=i686 --with-abi=m64 --with-multilib-list=m32,m64,mx32 --enable-multilib --with-tune=generic --enable-offload-targets=nvptx-none --without-cuda-driver --enable-checking=release --build=x86_64-linux-gnu --host=x86_64-linux-gnu --target=x86_64-linux-gnu
Thread model: posix
gcc version 7.3.0 (Ubuntu 7.3.0-16ubuntu3) 
COMPILER_PATH=/usr/lib/gcc/x86_64-linux-gnu/7/:/usr/lib/gcc/x86_64-linux-gnu/7/:/usr/lib/gcc/x86_64-linux-gnu/:/usr/lib/gcc/x86_64-linux-gnu/7/:/usr/lib/gcc/x86_64-linux-gnu/
LIBRARY_PATH=/usr/lib/gcc/x86_64-linux-gnu/7/:/usr/lib/gcc/x86_64-linux-gnu/7/../../../x86_64-linux-gnu/:/usr/lib/gcc/x86_64-linux-gnu/7/../../../../lib/:/lib/x86_64-linux-gnu/:/lib/../lib/:/usr/lib/x86_64-linux-gnu/:/usr/lib/../lib/:/usr/lib/gcc/x86_64-linux-gnu/7/../../../:/lib/:/usr/lib/
COLLECT_GCC_OPTIONS='-v' '-o' 'cmTC_28d75' '-shared-libgcc' '-mtune=generic' '-march=x86-64'
 /usr/lib/gcc/x86_64-linux-gnu/7/collect2 -plugin /usr/lib/gcc/x86_64-linux-gnu/7/liblto_plugin.so -plugin-opt=/usr/lib/gcc/x86_64-linux-gnu/7/lto-wrapper -plugin-opt=-fresolution=/tmp/ccs9rdCQ.res -plugin-opt=-pass-through=-lgcc_s -plugin-opt=-pass-through=-lgcc -plugin-opt=-pass-through=-lc -plugin-opt=-pass-through=-lgcc_s -plugin-opt=-pass-through=-lgcc --sysroot=/ --build-id --eh-frame-hdr -m elf_x86_64 --hash-style=gnu --as-needed -dynamic-linker /lib64/ld-linux-x86-64.so.2 -pie -z now -z relro -o cmTC_28d75 /usr/lib/gcc/x86_64-linux-gnu/7/../../../x86_64-linux-gnu/Scrt1.o /usr/lib/gcc/x86_64-linux-gnu/7/../../../x86_64-linux-gnu/crti.o /usr/lib/gcc/x86_64-linux-gnu/7/crtbeginS.o -L/usr/lib/gcc/x86_64-linux-gnu/7 -L/usr/lib/gcc/x86_64-linux-gnu/7/../../../x86_64-linux-gnu -L/usr/lib/gcc/x86_64-linux-gnu/7/../../../../lib -L/lib/x86_64-linux-gnu -L/lib/../lib -L/usr/lib/x86_64-linux-gnu -L/usr/lib/../lib -L/usr/lib/gcc/x86_64-linux-gnu/7/../../.. CMakeFiles/cmTC_28d75.dir/CMakeCXXCompilerABI.cpp.o -lstdc++ -lm -lgcc_s -lgcc -lc -lgcc_s -lgcc /usr/lib/gcc/x86_64-linux-gnu/7/crtendS.o /usr/lib/gcc/x86_64-linux-gnu/7/../../../x86_64-linux-gnu/crtn.o
COLLECT_GCC_OPTIONS='-v' '-o' 'cmTC_28d75' '-shared-libgcc' '-mtune=generic' '-march=x86-64'
make[1]: Leaving directory '/home/kevincybura/Desktop/c++/openbve2/cmake-build-debug/CMakeFiles/CMakeTmp'


Parsed CXX implicit link information from above output:
  link line regex: [^( *|.*[/\])(ld|CMAKE_LINK_STARTFILE-NOTFOUND|([^/\]+-)?ld|collect2)[^/\]*( |$)]
  ignore line: [Change Dir: /home/kevincybura/Desktop/c++/openbve2/cmake-build-debug/CMakeFiles/CMakeTmp]
  ignore line: []
  ignore line: [Run Build Command:"/usr/bin/make" "cmTC_28d75/fast"]
  ignore line: [/usr/bin/make -f CMakeFiles/cmTC_28d75.dir/build.make CMakeFiles/cmTC_28d75.dir/build]
  ignore line: [make[1]: Entering directory '/home/kevincybura/Desktop/c++/openbve2/cmake-build-debug/CMakeFiles/CMakeTmp']
  ignore line: [Building CXX object CMakeFiles/cmTC_28d75.dir/CMakeCXXCompilerABI.cpp.o]
  ignore line: [/usr/bin/c++     -o CMakeFiles/cmTC_28d75.dir/CMakeCXXCompilerABI.cpp.o -c /home/kevincybura/Desktop/clion-2018.1.3/bin/cmake/share/cmake-3.10/Modules/CMakeCXXCompilerABI.cpp]
  ignore line: [Linking CXX executable cmTC_28d75]
  ignore line: [/home/kevincybura/Desktop/clion-2018.1.3/bin/cmake/bin/cmake -E cmake_link_script CMakeFiles/cmTC_28d75.dir/link.txt --verbose=1]
  ignore line: [/usr/bin/c++      -v CMakeFiles/cmTC_28d75.dir/CMakeCXXCompilerABI.cpp.o  -o cmTC_28d75 ]
  ignore line: [Using built-in specs.]
  ignore line: [COLLECT_GCC=/usr/bin/c++]
  ignore line: [COLLECT_LTO_WRAPPER=/usr/lib/gcc/x86_64-linux-gnu/7/lto-wrapper]
  ignore line: [OFFLOAD_TARGET_NAMES=nvptx-none]
  ignore line: [OFFLOAD_TARGET_DEFAULT=1]
  ignore line: [Target: x86_64-linux-gnu]
  ignore line: [Configured with: ../src/configure -v --with-pkgversion='Ubuntu 7.3.0-16ubuntu3' --with-bugurl=file:///usr/share/doc/gcc-7/README.Bugs --enable-languages=c,ada,c++,go,brig,d,fortran,objc,obj-c++ --prefix=/usr --with-gcc-major-version-only --with-as=/usr/bin/x86_64-linux-gnu-as --with-ld=/usr/bin/x86_64-linux-gnu-ld --program-suffix=-7 --program-prefix=x86_64-linux-gnu- --enable-shared --enable-linker-build-id --libexecdir=/usr/lib --without-included-gettext --enable-threads=posix --libdir=/usr/lib --enable-nls --with-sysroot=/ --enable-clocale=gnu --enable-libstdcxx-debug --enable-libstdcxx-time=yes --with-default-libstdcxx-abi=new --enable-gnu-unique-object --disable-vtable-verify --enable-libmpx --enable-plugin --enable-default-pie --with-system-zlib --with-target-system-zlib --enable-objc-gc=auto --enable-multiarch --disable-werror --with-arch-32=i686 --with-abi=m64 --with-multilib-list=m32,m64,mx32 --enable-multilib --with-tune=generic --enable-offload-targets=nvptx-none --without-cuda-driver --enable-checking=release --build=x86_64-linux-gnu --host=x86_64-linux-gnu --target=x86_64-linux-gnu]
  ignore line: [Thread model: posix]
  ignore line: [gcc version 7.3.0 (Ubuntu 7.3.0-16ubuntu3) ]
  ignore line: [COMPILER_PATH=/usr/lib/gcc/x86_64-linux-gnu/7/:/usr/lib/gcc/x86_64-linux-gnu/7/:/usr/lib/gcc/x86_64-linux-gnu/:/usr/lib/gcc/x86_64-linux-gnu/7/:/usr/lib/gcc/x86_64-linux-gnu/]
  ignore line: [LIBRARY_PATH=/usr/lib/gcc/x86_64-linux-gnu/7/:/usr/lib/gcc/x86_64-linux-gnu/7/../../../x86_64-linux-gnu/:/usr/lib/gcc/x86_64-linux-gnu/7/../../../../lib/:/lib/x86_64-linux-gnu/:/lib/../lib/:/usr/lib/x86_64-linux-gnu/:/usr/lib/../lib/:/usr/lib/gcc/x86_64-linux-gnu/7/../../../:/lib/:/usr/lib/]
  ignore line: [COLLECT_GCC_OPTIONS='-v' '-o' 'cmTC_28d75' '-shared-libgcc' '-mtune=generic' '-march=x86-64']
  link line: [ /usr/lib/gcc/x86_64-linux-gnu/7/collect2 -plugin /usr/lib/gcc/x86_64-linux-gnu/7/liblto_plugin.so -plugin-opt=/usr/lib/gcc/x86_64-linux-gnu/7/lto-wrapper -plugin-opt=-fresolution=/tmp/ccs9rdCQ.res -plugin-opt=-pass-through=-lgcc_s -plugin-opt=-pass-through=-lgcc -plugin-opt=-pass-through=-lc -plugin-opt=-pass-through=-lgcc_s -plugin-opt=-pass-through=-lgcc --sysroot=/ --build-id --eh-frame-hdr -m elf_x86_64 --hash-style=gnu --as-needed -dynamic-linker /lib64/ld-linux-x86-64.so.2 -pie -z now -z relro -o cmTC_28d75 /usr/lib/gcc/x86_64-linux-gnu/7/../../../x86_64-linux-gnu/Scrt1.o /usr/lib/gcc/x86_64-linux-gnu/7/../../../x86_64-linux-gnu/crti.o /usr/lib/gcc/x86_64-linux-gnu/7/crtbeginS.o -L/usr/lib/gcc/x86_64-linux-gnu/7 -L/usr/lib/gcc/x86_64-linux-gnu/7/../../../x86_64-linux-gnu -L/usr/lib/gcc/x86_64-linux-gnu/7/../../../../lib -L/lib/x86_64-linux-gnu -L/lib/../lib -L/usr/lib/x86_64-linux-gnu -L/usr/lib/../lib -L/usr/lib/gcc/x86_64-linux-gnu/7/../../.. CMakeFiles/cmTC_28d75.dir/CMakeCXXCompilerABI.cpp.o -lstdc++ -lm -lgcc_s -lgcc -lc -lgcc_s -lgcc /usr/lib/gcc/x86_64-linux-gnu/7/crtendS.o /usr/lib/gcc/x86_64-linux-gnu/7/../../../x86_64-linux-gnu/crtn.o]
    arg [/usr/lib/gcc/x86_64-linux-gnu/7/collect2] ==> ignore
    arg [-plugin] ==> ignore
    arg [/usr/lib/gcc/x86_64-linux-gnu/7/liblto_plugin.so] ==> ignore
    arg [-plugin-opt=/usr/lib/gcc/x86_64-linux-gnu/7/lto-wrapper] ==> ignore
    arg [-plugin-opt=-fresolution=/tmp/ccs9rdCQ.res] ==> ignore
    arg [-plugin-opt=-pass-through=-lgcc_s] ==> ignore
    arg [-plugin-opt=-pass-through=-lgcc] ==> ignore
    arg [-plugin-opt=-pass-through=-lc] ==> ignore
    arg [-plugin-opt=-pass-through=-lgcc_s] ==> ignore
    arg [-plugin-opt=-pass-through=-lgcc] ==> ignore
    arg [--sysroot=/] ==> ignore
    arg [--build-id] ==> ignore
    arg [--eh-frame-hdr] ==> ignore
    arg [-m] ==> ignore
    arg [elf_x86_64] ==> ignore
    arg [--hash-style=gnu] ==> ignore
    arg [--as-needed] ==> ignore
    arg [-dynamic-linker] ==> ignore
    arg [/lib64/ld-linux-x86-64.so.2] ==> ignore
    arg [-pie] ==> ignore
    arg [-znow] ==> ignore
    arg [-zrelro] ==> ignore
    arg [-o] ==> ignore
    arg [cmTC_28d75] ==> ignore
    arg [/usr/lib/gcc/x86_64-linux-gnu/7/../../../x86_64-linux-gnu/Scrt1.o] ==> ignore
    arg [/usr/lib/gcc/x86_64-linux-gnu/7/../../../x86_64-linux-gnu/crti.o] ==> ignore
    arg [/usr/lib/gcc/x86_64-linux-gnu/7/crtbeginS.o] ==> ignore
    arg [-L/usr/lib/gcc/x86_64-linux-gnu/7] ==> dir [/usr/lib/gcc/x86_64-linux-gnu/7]
    arg [-L/usr/lib/gcc/x86_64-linux-gnu/7/../../../x86_64-linux-gnu] ==> dir [/usr/lib/gcc/x86_64-linux-gnu/7/../../../x86_64-linux-gnu]
    arg [-L/usr/lib/gcc/x86_64-linux-gnu/7/../../../../lib] ==> dir [/usr/lib/gcc/x86_64-linux-gnu/7/../../../../lib]
    arg [-L/lib/x86_64-linux-gnu] ==> dir [/lib/x86_64-linux-gnu]
    arg [-L/lib/../lib] ==> dir [/lib/../lib]
    arg [-L/usr/lib/x86_64-linux-gnu] ==> dir [/usr/lib/x86_64-linux-gnu]
    arg [-L/usr/lib/../lib] ==> dir [/usr/lib/../lib]
    arg [-L/usr/lib/gcc/x86_64-linux-gnu/7/../../..] ==> dir [/usr/lib/gcc/x86_64-linux-gnu/7/../../..]
    arg [CMakeFiles/cmTC_28d75.dir/CMakeCXXCompilerABI.cpp.o] ==> ignore
    arg [-lstdc++] ==> lib [stdc++]
    arg [-lm] ==> lib [m]
    arg [-lgcc_s] ==> lib [gcc_s]
    arg [-lgcc] ==> lib [gcc]
    arg [-lc] ==> lib [c]
    arg [-lgcc_s] ==> lib [gcc_s]
    arg [-lgcc] ==> lib [gcc]
    arg [/usr/lib/gcc/x86_64-linux-gnu/7/crtendS.o] ==> ignore
    arg [/usr/lib/gcc/x86_64-linux-gnu/7/../../../x86_64-linux-gnu/crtn.o] ==> ignore
  collapse library dir [/usr/lib/gcc/x86_64-linux-gnu/7] ==> [/usr/lib/gcc/x86_64-linux-gnu/7]
  collapse library dir [/usr/lib/gcc/x86_64-linux-gnu/7/../../../x86_64-linux-gnu] ==> [/usr/lib/x86_64-linux-gnu]
  collapse library dir [/usr/lib/gcc/x86_64-linux-gnu/7/../../../../lib] ==> [/usr/lib]
  collapse library dir [/lib/x86_64-linux-gnu] ==> [/lib/x86_64-linux-gnu]
  collapse library dir [/lib/../lib] ==> [/lib]
  collapse library dir [/usr/lib/x86_64-linux-gnu] ==> [/usr/lib/x86_64-linux-gnu]
  collapse library dir [/usr/lib/../lib] ==> [/usr/lib]
  collapse library dir [/usr/lib/gcc/x86_64-linux-gnu/7/../../..] ==> [/usr/lib]
  implicit libs: [stdc++;m;gcc_s;gcc;c;gcc_s;gcc]
  implicit dirs: [/usr/lib/gcc/x86_64-linux-gnu/7;/usr/lib/x86_64-linux-gnu;/usr/lib;/lib/x86_64-linux-gnu;/lib]
  implicit fwks: []




Detecting CXX [-std=c++1z] compiler features compiled with the following output:
Change Dir: /home/kevincybura/Desktop/c++/openbve2/cmake-build-debug/CMakeFiles/CMakeTmp

Run Build Command:"/usr/bin/make" "cmTC_d3412/fast"
/usr/bin/make -f CMakeFiles/cmTC_d3412.dir/build.make CMakeFiles/cmTC_d3412.dir/build
make[1]: Entering directory '/home/kevincybura/Desktop/c++/openbve2/cmake-build-debug/CMakeFiles/CMakeTmp'
Building CXX object CMakeFiles/cmTC_d3412.dir/feature_tests.cxx.o
/usr/bin/c++    -std=c++1z -o CMakeFiles/cmTC_d3412.dir/feature_tests.cxx.o -c /home/kevincybura/Desktop/c++/openbve2/cmake-build-debug/CMakeFiles/feature_tests.cxx
Linking CXX executable cmTC_d3412
/home/kevincybura/Desktop/clion-2018.1.3/bin/cmake/bin/cmake -E cmake_link_script CMakeFiles/cmTC_d3412.dir/link.txt --verbose=1
/usr/bin/c++       CMakeFiles/cmTC_d3412.dir/feature_tests.cxx.o  -o cmTC_d3412 
make[1]: Leaving directory '/home/kevincybura/Desktop/c++/openbve2/cmake-build-debug/CMakeFiles/CMakeTmp'


    Feature record: CXX_FEATURE:1cxx_aggregate_default_initializers
    Feature record: CXX_FEATURE:1cxx_alias_templates
    Feature record: CXX_FEATURE:1cxx_alignas
    Feature record: CXX_FEATURE:1cxx_alignof
    Feature record: CXX_FEATURE:1cxx_attributes
    Feature record: CXX_FEATURE:1cxx_attribute_deprecated
    Feature record: CXX_FEATURE:1cxx_auto_type
    Feature record: CXX_FEATURE:1cxx_binary_literals
    Feature record: CXX_FEATURE:1cxx_constexpr
    Feature record: CXX_FEATURE:1cxx_contextual_conversions
    Feature record: CXX_FEATURE:1cxx_decltype
    Feature record: CXX_FEATURE:1cxx_decltype_auto
    Feature record: CXX_FEATURE:1cxx_decltype_incomplete_return_types
    Feature record: CXX_FEATURE:1cxx_default_function_template_args
    Feature record: CXX_FEATURE:1cxx_defaulted_functions
    Feature record: CXX_FEATURE:1cxx_defaulted_move_initializers
    Feature record: CXX_FEATURE:1cxx_delegating_constructors
    Feature record: CXX_FEATURE:1cxx_deleted_functions
    Feature record: CXX_FEATURE:1cxx_digit_separators
    Feature record: CXX_FEATURE:1cxx_enum_forward_declarations
    Feature record: CXX_FEATURE:1cxx_explicit_conversions
    Feature record: CXX_FEATURE:1cxx_extended_friend_declarations
    Feature record: CXX_FEATURE:1cxx_extern_templates
    Feature record: CXX_FEATURE:1cxx_final
    Feature record: CXX_FEATURE:1cxx_func_identifier
    Feature record: CXX_FEATURE:1cxx_generalized_initializers
    Feature record: CXX_FEATURE:1cxx_generic_lambdas
    Feature record: CXX_FEATURE:1cxx_inheriting_constructors
    Feature record: CXX_FEATURE:1cxx_inline_namespaces
    Feature record: CXX_FEATURE:1cxx_lambdas
    Feature record: CXX_FEATURE:1cxx_lambda_init_captures
    Feature record: CXX_FEATURE:1cxx_local_type_template_args
    Feature record: CXX_FEATURE:1cxx_long_long_type
    Feature record: CXX_FEATURE:1cxx_noexcept
    Feature record: CXX_FEATURE:1cxx_nonstatic_member_init
    Feature record: CXX_FEATURE:1cxx_nullptr
    Feature record: CXX_FEATURE:1cxx_override
    Feature record: CXX_FEATURE:1cxx_range_for
    Feature record: CXX_FEATURE:1cxx_raw_string_literals
    Feature record: CXX_FEATURE:1cxx_reference_qualified_functions
    Feature record: CXX_FEATURE:1cxx_relaxed_constexpr
    Feature record: CXX_FEATURE:1cxx_return_type_deduction
    Feature record: CXX_FEATURE:1cxx_right_angle_brackets
    Feature record: CXX_FEATURE:1cxx_rvalue_references
    Feature record: CXX_FEATURE:1cxx_sizeof_member
    Feature record: CXX_FEATURE:1cxx_static_assert
    Feature record: CXX_FEATURE:1cxx_strong_enums
    Feature record: CXX_FEATURE:1cxx_template_template_parameters
    Feature record: CXX_FEATURE:1cxx_thread_local
    Feature record: CXX_FEATURE:1cxx_trailing_return_types
    Feature record: CXX_FEATURE:1cxx_unicode_literals
    Feature record: CXX_FEATURE:1cxx_uniform_initialization
    Feature record: CXX_FEATURE:1cxx_unrestricted_unions
    Feature record: CXX_FEATURE:1cxx_user_literals
    Feature record: CXX_FEATURE:1cxx_variable_templates
    Feature record: CXX_FEATURE:1cxx_variadic_macros
    Feature record: CXX_FEATURE:1cxx_variadic_templates


Detecting CXX [-std=c++14] compiler features compiled with the following output:
Change Dir: /home/kevincybura/Desktop/c++/openbve2/cmake-build-debug/CMakeFiles/CMakeTmp

Run Build Command:"/usr/bin/make" "cmTC_17f19/fast"
/usr/bin/make -f CMakeFiles/cmTC_17f19.dir/build.make CMakeFiles/cmTC_17f19.dir/build
make[1]: Entering directory '/home/kevincybura/Desktop/c++/openbve2/cmake-build-debug/CMakeFiles/CMakeTmp'
Building CXX object CMakeFiles/cmTC_17f19.dir/feature_tests.cxx.o
/usr/bin/c++    -std=c++14 -o CMakeFiles/cmTC_17f19.dir/feature_tests.cxx.o -c /home/kevincybura/Desktop/c++/openbve2/cmake-build-debug/CMakeFiles/feature_tests.cxx
Linking CXX executable cmTC_17f19
/home/kevincybura/Desktop/clion-2018.1.3/bin/cmake/bin/cmake -E cmake_link_script CMakeFiles/cmTC_17f19.dir/link.txt --verbose=1
/usr/bin/c++       CMakeFiles/cmTC_17f19.dir/feature_tests.cxx.o  -o cmTC_17f19 
make[1]: Leaving directory '/home/kevincybura/Desktop/c++/openbve2/cmake-build-debug/CMakeFiles/CMakeTmp'


    Feature record: CXX_FEATURE:1cxx_aggregate_default_initializers
    Feature record: CXX_FEATURE:1cxx_alias_templates
    Feature record: CXX_FEATURE:1cxx_alignas
    Feature record: CXX_FEATURE:1cxx_alignof
    Feature record: CXX_FEATURE:1cxx_attributes
    Feature record: CXX_FEATURE:1cxx_attribute_deprecated
    Feature record: CXX_FEATURE:1cxx_auto_type
    Feature record: CXX_FEATURE:1cxx_binary_literals
    Feature record: CXX_FEATURE:1cxx_constexpr
    Feature record: CXX_FEATURE:1cxx_contextual_conversions
    Feature record: CXX_FEATURE:1cxx_decltype
    Feature record: CXX_FEATURE:1cxx_decltype_auto
    Feature record: CXX_FEATURE:1cxx_decltype_incomplete_return_types
    Feature record: CXX_FEATURE:1cxx_default_function_template_args
    Feature record: CXX_FEATURE:1cxx_defaulted_functions
    Feature record: CXX_FEATURE:1cxx_defaulted_move_initializers
    Feature record: CXX_FEATURE:1cxx_delegating_constructors
    Feature record: CXX_FEATURE:1cxx_deleted_functions
    Feature record: CXX_FEATURE:1cxx_digit_separators
    Feature record: CXX_FEATURE:1cxx_enum_forward_declarations
    Feature record: CXX_FEATURE:1cxx_explicit_conversions
    Feature record: CXX_FEATURE:1cxx_extended_friend_declarations
    Feature record: CXX_FEATURE:1cxx_extern_templates
    Feature record: CXX_FEATURE:1cxx_final
    Feature record: CXX_FEATURE:1cxx_func_identifier
    Feature record: CXX_FEATURE:1cxx_generalized_initializers
    Feature record: CXX_FEATURE:1cxx_generic_lambdas
    Feature record: CXX_FEATURE:1cxx_inheriting_constructors
    Feature record: CXX_FEATURE:1cxx_inline_namespaces
    Feature record: CXX_FEATURE:1cxx_lambdas
    Feature record: CXX_FEATURE:1cxx_lambda_init_captures
    Feature record: CXX_FEATURE:1cxx_local_type_template_args
    Feature record: CXX_FEATURE:1cxx_long_long_type
    Feature record: CXX_FEATURE:1cxx_noexcept
    Feature record: CXX_FEATURE:1cxx_nonstatic_member_init
    Feature record: CXX_FEATURE:1cxx_nullptr
    Feature record: CXX_FEATURE:1cxx_override
    Feature record: CXX_FEATURE:1cxx_range_for
    Feature record: CXX_FEATURE:1cxx_raw_string_literals
    Feature record: CXX_FEATURE:1cxx_reference_qualified_functions
    Feature record: CXX_FEATURE:1cxx_relaxed_constexpr
    Feature record: CXX_FEATURE:1cxx_return_type_deduction
    Feature record: CXX_FEATURE:1cxx_right_angle_brackets
    Feature record: CXX_FEATURE:1cxx_rvalue_references
    Feature record: CXX_FEATURE:1cxx_sizeof_member
    Feature record: CXX_FEATURE:1cxx_static_assert
    Feature record: CXX_FEATURE:1cxx_strong_enums
    Feature record: CXX_FEATURE:1cxx_template_template_parameters
    Feature record: CXX_FEATURE:1cxx_thread_local
    Feature record: CXX_FEATURE:1cxx_trailing_return_types
    Feature record: CXX_FEATURE:1cxx_unicode_literals
    Feature record: CXX_FEATURE:1cxx_uniform_initialization
    Feature record: CXX_FEATURE:1cxx_unrestricted_unions
    Feature record: CXX_FEATURE:1cxx_user_literals
    Feature record: CXX_FEATURE:1cxx_variable_templates
    Feature record: CXX_FEATURE:1cxx_variadic_macros
    Feature record: CXX_FEATURE:1cxx_variadic_templates


Detecting CXX [-std=c++11] compiler features compiled with the following output:
Change Dir: /home/kevincybura/Desktop/c++/openbve2/cmake-build-debug/CMakeFiles/CMakeTmp

Run Build Command:"/usr/bin/make" "cmTC_36b61/fast"
/usr/bin/make -f CMakeFiles/cmTC_36b61.dir/build.make CMakeFiles/cmTC_36b61.dir/build
make[1]: Entering directory '/home/kevincybura/Desktop/c++/openbve2/cmake-build-debug/CMakeFiles/CMakeTmp'
Building CXX object CMakeFiles/cmTC_36b61.dir/feature_tests.cxx.o
/usr/bin/c++    -std=c++11 -o CMakeFiles/cmTC_36b61.dir/feature_tests.cxx.o -c /home/kevincybura/Desktop/c++/openbve2/cmake-build-debug/CMakeFiles/feature_tests.cxx
Linking CXX executable cmTC_36b61
/home/kevincybura/Desktop/clion-2018.1.3/bin/cmake/bin/cmake -E cmake_link_script CMakeFiles/cmTC_36b61.dir/link.txt --verbose=1
/usr/bin/c++       CMakeFiles/cmTC_36b61.dir/feature_tests.cxx.o  -o cmTC_36b61 
make[1]: Leaving directory '/home/kevincybura/Desktop/c++/openbve2/cmake-build-debug/CMakeFiles/CMakeTmp'


    Feature record: CXX_FEATURE:0cxx_aggregate_default_initializers
    Feature record: CXX_FEATURE:1cxx_alias_templates
    Feature record: CXX_FEATURE:1cxx_alignas
    Feature record: CXX_FEATURE:1cxx_alignof
    Feature record: CXX_FEATURE:1cxx_attributes
    Feature record: CXX_FEATURE:0cxx_attribute_deprecated
    Feature record: CXX_FEATURE:1cxx_auto_type
    Feature record: CXX_FEATURE:0cxx_binary_literals
    Feature record: CXX_FEATURE:1cxx_constexpr
    Feature record: CXX_FEATURE:0cxx_contextual_conversions
    Feature record: CXX_FEATURE:1cxx_decltype
    Feature record: CXX_FEATURE:0cxx_decltype_auto
    Feature record: CXX_FEATURE:1cxx_decltype_incomplete_return_types
    Feature record: CXX_FEATURE:1cxx_default_function_template_args
    Feature record: CXX_FEATURE:1cxx_defaulted_functions
    Feature record: CXX_FEATURE:1cxx_defaulted_move_initializers
    Feature record: CXX_FEATURE:1cxx_delegating_constructors
    Feature record: CXX_FEATURE:1cxx_deleted_functions
    Feature record: CXX_FEATURE:0cxx_digit_separators
    Feature record: CXX_FEATURE:1cxx_enum_forward_declarations
    Feature record: CXX_FEATURE:1cxx_explicit_conversions
    Feature record: CXX_FEATURE:1cxx_extended_friend_declarations
    Feature record: CXX_FEATURE:1cxx_extern_templates
    Feature record: CXX_FEATURE:1cxx_final
    Feature record: CXX_FEATURE:1cxx_func_identifier
    Feature record: CXX_FEATURE:1cxx_generalized_initializers
    Feature record: CXX_FEATURE:0cxx_generic_lambdas
    Feature record: CXX_FEATURE:1cxx_inheriting_constructors
    Feature record: CXX_FEATURE:1cxx_inline_namespaces
    Feature record: CXX_FEATURE:1cxx_lambdas
    Feature record: CXX_FEATURE:0cxx_lambda_init_captures
    Feature record: CXX_FEATURE:1cxx_local_type_template_args
    Feature record: CXX_FEATURE:1cxx_long_long_type
    Feature record: CXX_FEATURE:1cxx_noexcept
    Feature record: CXX_FEATURE:1cxx_nonstatic_member_init
    Feature record: CXX_FEATURE:1cxx_nullptr
    Feature record: CXX_FEATURE:1cxx_override
    Feature record: CXX_FEATURE:1cxx_range_for
    Feature record: CXX_FEATURE:1cxx_raw_string_literals
    Feature record: CXX_FEATURE:1cxx_reference_qualified_functions
    Feature record: CXX_FEATURE:0cxx_relaxed_constexpr
    Feature record: CXX_FEATURE:0cxx_return_type_deduction
    Feature record: CXX_FEATURE:1cxx_right_angle_brackets
    Feature record: CXX_FEATURE:1cxx_rvalue_references
    Feature record: CXX_FEATURE:1cxx_sizeof_member
    Feature record: CXX_FEATURE:1cxx_static_assert
    Feature record: CXX_FEATURE:1cxx_strong_enums
    Feature record: CXX_FEATURE:1cxx_template_template_parameters
    Feature record: CXX_FEATURE:1cxx_thread_local
    Feature record: CXX_FEATURE:1cxx_trailing_return_types
    Feature record: CXX_FEATURE:1cxx_unicode_literals
    Feature record: CXX_FEATURE:1cxx_uniform_initialization
    Feature record: CXX_FEATURE:1cxx_unrestricted_unions
    Feature record: CXX_FEATURE:1cxx_user_literals
    Feature record: CXX_FEATURE:0cxx_variable_templates
    Feature record: CXX_FEATURE:1cxx_variadic_macros
    Feature record: CXX_FEATURE:1cxx_variadic_templates


Detecting CXX [-std=c++98] compiler features compiled with the following output:
Change Dir: /home/kevincybura/Desktop/c++/openbve2/cmake-build-debug/CMakeFiles/CMakeTmp

Run Build Command:"/usr/bin/make" "cmTC_f8989/fast"
/usr/bin/make -f CMakeFiles/cmTC_f8989.dir/build.make CMakeFiles/cmTC_f8989.dir/build
make[1]: Entering directory '/home/kevincybura/Desktop/c++/openbve2/cmake-build-debug/CMakeFiles/CMakeTmp'
Building CXX object CMakeFiles/cmTC_f8989.dir/feature_tests.cxx.o
/usr/bin/c++    -std=c++98 -o CMakeFiles/cmTC_f8989.dir/feature_tests.cxx.o -c /home/kevincybura/Desktop/c++/openbve2/cmake-build-debug/CMakeFiles/feature_tests.cxx
Linking CXX executable cmTC_f8989
/home/kevincybura/Desktop/clion-2018.1.3/bin/cmake/bin/cmake -E cmake_link_script CMakeFiles/cmTC_f8989.dir/link.txt --verbose=1
/usr/bin/c++       CMakeFiles/cmTC_f8989.dir/feature_tests.cxx.o  -o cmTC_f8989 
make[1]: Leaving directory '/home/kevincybura/Desktop/c++/openbve2/cmake-build-debug/CMakeFiles/CMakeTmp'


    Feature record: CXX_FEATURE:0cxx_aggregate_default_initializers
    Feature record: CXX_FEATURE:0cxx_alias_templates
    Feature record: CXX_FEATURE:0cxx_alignas
    Feature record: CXX_FEATURE:0cxx_alignof
    Feature record: CXX_FEATURE:0cxx_attributes
    Feature record: CXX_FEATURE:0cxx_attribute_deprecated
    Feature record: CXX_FEATURE:0cxx_auto_type
    Feature record: CXX_FEATURE:0cxx_binary_literals
    Feature record: CXX_FEATURE:0cxx_constexpr
    Feature record: CXX_FEATURE:0cxx_contextual_conversions
    Feature record: CXX_FEATURE:0cxx_decltype
    Feature record: CXX_FEATURE:0cxx_decltype_auto
    Feature record: CXX_FEATURE:0cxx_decltype_incomplete_return_types
    Feature record: CXX_FEATURE:0cxx_default_function_template_args
    Feature record: CXX_FEATURE:0cxx_defaulted_functions
    Feature record: CXX_FEATURE:0cxx_defaulted_move_initializers
    Feature record: CXX_FEATURE:0cxx_delegating_constructors
    Feature record: CXX_FEATURE:0cxx_deleted_functions
    Feature record: CXX_FEATURE:0cxx_digit_separators
    Feature record: CXX_FEATURE:0cxx_enum_forward_declarations
    Feature record: CXX_FEATURE:0cxx_explicit_conversions
    Feature record: CXX_FEATURE:0cxx_extended_friend_declarations
    Feature record: CXX_FEATURE:0cxx_extern_templates
    Feature record: CXX_FEATURE:0cxx_final
    Feature record: CXX_FEATURE:0cxx_func_identifier
    Feature record: CXX_FEATURE:0cxx_generalized_initializers
    Feature record: CXX_FEATURE:0cxx_generic_lambdas
    Feature record: CXX_FEATURE:0cxx_inheriting_constructors
    Feature record: CXX_FEATURE:0cxx_inline_namespaces
    Feature record: CXX_FEATURE:0cxx_lambdas
    Feature record: CXX_FEATURE:0cxx_lambda_init_captures
    Feature record: CXX_FEATURE:0cxx_local_type_template_args
    Feature record: CXX_FEATURE:0cxx_long_long_type
    Feature record: CXX_FEATURE:0cxx_noexcept
    Feature record: CXX_FEATURE:0cxx_nonstatic_member_init
    Feature record: CXX_FEATURE:0cxx_nullptr
    Feature record: CXX_FEATURE:0cxx_override
    Feature record: CXX_FEATURE:0cxx_range_for
    Feature record: CXX_FEATURE:0cxx_raw_string_literals
    Feature record: CXX_FEATURE:0cxx_reference_qualified_functions
    Feature record: CXX_FEATURE:0cxx_relaxed_constexpr
    Feature record: CXX_FEATURE:0cxx_return_type_deduction
    Feature record: CXX_FEATURE:0cxx_right_angle_brackets
    Feature record: CXX_FEATURE:0cxx_rvalue_references
    Feature record: CXX_FEATURE:0cxx_sizeof_member
    Feature record: CXX_FEATURE:0cxx_static_assert
    Feature record: CXX_FEATURE:0cxx_strong_enums
    Feature record: CXX_FEATURE:1cxx_template_template_parameters
    Feature record: CXX_FEATURE:0cxx_thread_local
    Feature record: CXX_FEATURE:0cxx_trailing_return_types
    Feature record: CXX_FEATURE:0cxx_unicode_literals
    Feature record: CXX_FEATURE:0cxx_uniform_initialization
    Feature record: CXX_FEATURE:0cxx_unrestricted_unions
    Feature record: CXX_FEATURE:0cxx_user_literals
    Feature record: CXX_FEATURE:0cxx_variable_templates
    Feature record: CXX_FEATURE:0cxx_variadic_macros
    Feature record: CXX_FEATURE:0cxx_variadic_templates
Determining if the include file pthread.h exists passed with the following output:
Change Dir: /home/kevincybura/Desktop/c++/openbve2/cmake-build-debug/CMakeFiles/CMakeTmp

Run Build Command:"/usr/bin/make" "cmTC_1c3cb/fast"
/usr/bin/make -f CMakeFiles/cmTC_1c3cb.dir/build.make CMakeFiles/cmTC_1c3cb.dir/build
make[1]: Entering directory '/home/kevincybura/Desktop/c++/openbve2/cmake-build-debug/CMakeFiles/CMakeTmp'
Building CXX object CMakeFiles/cmTC_1c3cb.dir/CheckIncludeFile.cxx.o
/usr/bin/c++    -std=c++14 -o CMakeFiles/cmTC_1c3cb.dir/CheckIncludeFile.cxx.o -c /home/kevincybura/Desktop/c++/openbve2/cmake-build-debug/CMakeFiles/CMakeTmp/CheckIncludeFile.cxx
Linking CXX executable cmTC_1c3cb
/home/kevincybura/Desktop/clion-2018.1.3/bin/cmake/bin/cmake -E cmake_link_script CMakeFiles/cmTC_1c3cb.dir/link.txt --verbose=1
/usr/bin/c++       CMakeFiles/cmTC_1c3cb.dir/CheckIncludeFile.cxx.o  -o cmTC_1c3cb 
make[1]: Leaving directory '/home/kevincybura/Desktop/c++/openbve2/cmake-build-debug/CMakeFiles/CMakeTmp'


Determining if the function pthread_create exists in the pthread passed with the following output:
Change Dir: /home/kevincybura/Desktop/c++/openbve2/cmake-build-debug/CMakeFiles/CMakeTmp

Run Build Command:"/usr/bin/make" "cmTC_12c75/fast"
/usr/bin/make -f CMakeFiles/cmTC_12c75.dir/build.make CMakeFiles/cmTC_12c75.dir/build
make[1]: Entering directory '/home/kevincybura/Desktop/c++/openbve2/cmake-build-debug/CMakeFiles/CMakeTmp'
Building CXX object CMakeFiles/cmTC_12c75.dir/CheckFunctionExists.cxx.o
/usr/bin/c++    -DCHECK_FUNCTION_EXISTS=pthread_create   -std=c++14 -o CMakeFiles/cmTC_12c75.dir/CheckFunctionExists.cxx.o -c /home/kevincybura/Desktop/c++/openbve2/cmake-build-debug/CMakeFiles/CheckLibraryExists/CheckFunctionExists.cxx
Linking CXX executable cmTC_12c75
/home/kevincybura/Desktop/clion-2018.1.3/bin/cmake/bin/cmake -E cmake_link_script CMakeFiles/cmTC_12c75.dir/link.txt --verbose=1
/usr/bin/c++   -DCHECK_FUNCTION_EXISTS=pthread_create    CMakeFiles/cmTC_12c75.dir/CheckFunctionExists.cxx.o  -o cmTC_12c75 -lpthread 
make[1]: Leaving directory '/home/kevincybura/Desktop/c++/openbve2/cmake-build-debug/CMakeFiles/CMakeTmp'


Performing C++ SOURCE FILE Test ld_lld succeeded with the following output:
Change Dir: /home/kevincybura/Desktop/c++/openbve2/cmake-build-debug/CMakeFiles/CMakeTmp

Run Build Command:"/usr/bin/make" "cmTC_a1070/fast"
/usr/bin/make -f CMakeFiles/cmTC_a1070.dir/build.make CMakeFiles/cmTC_a1070.dir/build
make[1]: Entering directory '/home/kevincybura/Desktop/c++/openbve2/cmake-build-debug/CMakeFiles/CMakeTmp'
Building CXX object CMakeFiles/cmTC_a1070.dir/src.cxx.o
/usr/bin/c++    -Dld_lld   -fuse-ld=lld -std=c++14 -o CMakeFiles/cmTC_a1070.dir/src.cxx.o -c /home/kevincybura/Desktop/c++/openbve2/cmake-build-debug/CMakeFiles/CMakeTmp/src.cxx
Linking CXX executable cmTC_a1070
/home/kevincybura/Desktop/clion-2018.1.3/bin/cmake/bin/cmake -E cmake_link_script CMakeFiles/cmTC_a1070.dir/link.txt --verbose=1
/usr/bin/c++   -Dld_lld    CMakeFiles/cmTC_a1070.dir/src.cxx.o  -o cmTC_a1070 
make[1]: Leaving directory '/home/kevincybura/Desktop/c++/openbve2/cmake-build-debug/CMakeFiles/CMakeTmp'

Source file was:
int main() { return 0; }
Performing C++ SOURCE FILE Test fdiagnostics_color succeeded with the following output:
Change Dir: /home/kevincybura/Desktop/c++/openbve2/cmake-build-debug/CMakeFiles/CMakeTmp

Run Build Command:"/usr/bin/make" "cmTC_47eda/fast"
/usr/bin/make -f CMakeFiles/cmTC_47eda.dir/build.make CMakeFiles/cmTC_47eda.dir/build
make[1]: Entering directory '/home/kevincybura/Desktop/c++/openbve2/cmake-build-debug/CMakeFiles/CMakeTmp'
Building CXX object CMakeFiles/cmTC_47eda.dir/src.cxx.o
/usr/bin/c++    -Dfdiagnostics_color   -fdiagnostics-color=always -std=c++14 -o CMakeFiles/cmTC_47eda.dir/src.cxx.o -c /home/kevincybura/Desktop/c++/openbve2/cmake-build-debug/CMakeFiles/CMakeTmp/src.cxx
Linking CXX executable cmTC_47eda
/home/kevincybura/Desktop/clion-2018.1.3/bin/cmake/bin/cmake -E cmake_link_script CMakeFiles/cmTC_47eda.dir/link.txt --verbose=1
/usr/bin/c++   -Dfdiagnostics_color    CMakeFiles/cmTC_47eda.dir/src.cxx.o  -o cmTC_47eda 
make[1]: Leaving directory '/home/kevincybura/Desktop/c++/openbve2/cmake-build-debug/CMakeFiles/CMakeTmp'

Source file was:
int main() { return 0; }
Performing C++ SOURCE FILE Test Wall succeeded with the following output:
Change Dir: /home/kevincybura/Desktop/c++/openbve2/cmake-build-debug/CMakeFiles/CMakeTmp

Run Build Command:"/usr/bin/make" "cmTC_72b23/fast"
/usr/bin/make -f CMakeFiles/cmTC_72b23.dir/build.make CMakeFiles/cmTC_72b23.dir/build
make[1]: Entering directory '/home/kevincybura/Desktop/c++/openbve2/cmake-build-debug/CMakeFiles/CMakeTmp'
Building CXX object CMakeFiles/cmTC_72b23.dir/src.cxx.o
/usr/bin/c++    -DWall   -Wall -std=c++14 -o CMakeFiles/cmTC_72b23.dir/src.cxx.o -c /home/kevincybura/Desktop/c++/openbve2/cmake-build-debug/CMakeFiles/CMakeTmp/src.cxx
Linking CXX executable cmTC_72b23
/home/kevincybura/Desktop/clion-2018.1.3/bin/cmake/bin/cmake -E cmake_link_script CMakeFiles/cmTC_72b23.dir/link.txt --verbose=1
/usr/bin/c++   -DWall    CMakeFiles/cmTC_72b23.dir/src.cxx.o  -o cmTC_72b23 
make[1]: Leaving directory '/home/kevincybura/Desktop/c++/openbve2/cmake-build-debug/CMakeFiles/CMakeTmp'

Source file was:
int main() { return 0; }
Performing C++ SOURCE FILE Test Wcast_align succeeded with the following output:
Change Dir: /home/kevincybura/Desktop/c++/openbve2/cmake-build-debug/CMakeFiles/CMakeTmp

Run Build Command:"/usr/bin/make" "cmTC_ad82a/fast"
/usr/bin/make -f CMakeFiles/cmTC_ad82a.dir/build.make CMakeFiles/cmTC_ad82a.dir/build
make[1]: Entering directory '/home/kevincybura/Desktop/c++/openbve2/cmake-build-debug/CMakeFiles/CMakeTmp'
Building CXX object CMakeFiles/cmTC_ad82a.dir/src.cxx.o
/usr/bin/c++    -DWcast_align   -Wcast-align -std=c++14 -o CMakeFiles/cmTC_ad82a.dir/src.cxx.o -c /home/kevincybura/Desktop/c++/openbve2/cmake-build-debug/CMakeFiles/CMakeTmp/src.cxx
Linking CXX executable cmTC_ad82a
/home/kevincybura/Desktop/clion-2018.1.3/bin/cmake/bin/cmake -E cmake_link_script CMakeFiles/cmTC_ad82a.dir/link.txt --verbose=1
/usr/bin/c++   -DWcast_align    CMakeFiles/cmTC_ad82a.dir/src.cxx.o  -o cmTC_ad82a 
make[1]: Leaving directory '/home/kevincybura/Desktop/c++/openbve2/cmake-build-debug/CMakeFiles/CMakeTmp'

Source file was:
int main() { return 0; }
Performing C++ SOURCE FILE Test Wcast_qual succeeded with the following output:
Change Dir: /home/kevincybura/Desktop/c++/openbve2/cmake-build-debug/CMakeFiles/CMakeTmp

Run Build Command:"/usr/bin/make" "cmTC_dbd55/fast"
/usr/bin/make -f CMakeFiles/cmTC_dbd55.dir/build.make CMakeFiles/cmTC_dbd55.dir/build
make[1]: Entering directory '/home/kevincybura/Desktop/c++/openbve2/cmake-build-debug/CMakeFiles/CMakeTmp'
Building CXX object CMakeFiles/cmTC_dbd55.dir/src.cxx.o
/usr/bin/c++    -DWcast_qual   -Wcast-qual -std=c++14 -o CMakeFiles/cmTC_dbd55.dir/src.cxx.o -c /home/kevincybura/Desktop/c++/openbve2/cmake-build-debug/CMakeFiles/CMakeTmp/src.cxx
Linking CXX executable cmTC_dbd55
/home/kevincybura/Desktop/clion-2018.1.3/bin/cmake/bin/cmake -E cmake_link_script CMakeFiles/cmTC_dbd55.dir/link.txt --verbose=1
/usr/bin/c++   -DWcast_qual    CMakeFiles/cmTC_dbd55.dir/src.cxx.o  -o cmTC_dbd55 
make[1]: Leaving directory '/home/kevincybura/Desktop/c++/openbve2/cmake-build-debug/CMakeFiles/CMakeTmp'

Source file was:
int main() { return 0; }
Performing C++ SOURCE FILE Test Wconversion succeeded with the following output:
Change Dir: /home/kevincybura/Desktop/c++/openbve2/cmake-build-debug/CMakeFiles/CMakeTmp

Run Build Command:"/usr/bin/make" "cmTC_dc3f9/fast"
/usr/bin/make -f CMakeFiles/cmTC_dc3f9.dir/build.make CMakeFiles/cmTC_dc3f9.dir/build
make[1]: Entering directory '/home/kevincybura/Desktop/c++/openbve2/cmake-build-debug/CMakeFiles/CMakeTmp'
Building CXX object CMakeFiles/cmTC_dc3f9.dir/src.cxx.o
/usr/bin/c++    -DWconversion   -Wconversion -std=c++14 -o CMakeFiles/cmTC_dc3f9.dir/src.cxx.o -c /home/kevincybura/Desktop/c++/openbve2/cmake-build-debug/CMakeFiles/CMakeTmp/src.cxx
Linking CXX executable cmTC_dc3f9
/home/kevincybura/Desktop/clion-2018.1.3/bin/cmake/bin/cmake -E cmake_link_script CMakeFiles/cmTC_dc3f9.dir/link.txt --verbose=1
/usr/bin/c++   -DWconversion    CMakeFiles/cmTC_dc3f9.dir/src.cxx.o  -o cmTC_dc3f9 
make[1]: Leaving directory '/home/kevincybura/Desktop/c++/openbve2/cmake-build-debug/CMakeFiles/CMakeTmp'

Source file was:
int main() { return 0; }
Performing C++ SOURCE FILE Test Wctor_dtor_privacy succeeded with the following output:
Change Dir: /home/kevincybura/Desktop/c++/openbve2/cmake-build-debug/CMakeFiles/CMakeTmp

Run Build Command:"/usr/bin/make" "cmTC_79c19/fast"
/usr/bin/make -f CMakeFiles/cmTC_79c19.dir/build.make CMakeFiles/cmTC_79c19.dir/build
make[1]: Entering directory '/home/kevincybura/Desktop/c++/openbve2/cmake-build-debug/CMakeFiles/CMakeTmp'
Building CXX object CMakeFiles/cmTC_79c19.dir/src.cxx.o
/usr/bin/c++    -DWctor_dtor_privacy   -Wctor-dtor-privacy -std=c++14 -o CMakeFiles/cmTC_79c19.dir/src.cxx.o -c /home/kevincybura/Desktop/c++/openbve2/cmake-build-debug/CMakeFiles/CMakeTmp/src.cxx
Linking CXX executable cmTC_79c19
/home/kevincybura/Desktop/clion-2018.1.3/bin/cmake/bin/cmake -E cmake_link_script CMakeFiles/cmTC_79c19.dir/link.txt --verbose=1
/usr/bin/c++   -DWctor_dtor_privacy    CMakeFiles/cmTC_79c19.dir/src.cxx.o  -o cmTC_79c19 
make[1]: Leaving directory '/home/kevincybura/Desktop/c++/openbve2/cmake-build-debug/CMakeFiles/CMakeTmp'

Source file was:
int main() { return 0; }
Performing C++ SOURCE FILE Test Wdisabled_optimization succeeded with the following output:
Change Dir: /home/kevincybura/Desktop/c++/openbve2/cmake-build-debug/CMakeFiles/CMakeTmp

Run Build Command:"/usr/bin/make" "cmTC_a6a9f/fast"
/usr/bin/make -f CMakeFiles/cmTC_a6a9f.dir/build.make CMakeFiles/cmTC_a6a9f.dir/build
make[1]: Entering directory '/home/kevincybura/Desktop/c++/openbve2/cmake-build-debug/CMakeFiles/CMakeTmp'
Building CXX object CMakeFiles/cmTC_a6a9f.dir/src.cxx.o
/usr/bin/c++    -DWdisabled_optimization   -Wdisabled-optimization -std=c++14 -o CMakeFiles/cmTC_a6a9f.dir/src.cxx.o -c /home/kevincybura/Desktop/c++/openbve2/cmake-build-debug/CMakeFiles/CMakeTmp/src.cxx
Linking CXX executable cmTC_a6a9f
/home/kevincybura/Desktop/clion-2018.1.3/bin/cmake/bin/cmake -E cmake_link_script CMakeFiles/cmTC_a6a9f.dir/link.txt --verbose=1
/usr/bin/c++   -DWdisabled_optimization    CMakeFiles/cmTC_a6a9f.dir/src.cxx.o  -o cmTC_a6a9f 
make[1]: Leaving directory '/home/kevincybura/Desktop/c++/openbve2/cmake-build-debug/CMakeFiles/CMakeTmp'

Source file was:
int main() { return 0; }
Performing C++ SOURCE FILE Test Wdouble_promotion succeeded with the following output:
Change Dir: /home/kevincybura/Desktop/c++/openbve2/cmake-build-debug/CMakeFiles/CMakeTmp

Run Build Command:"/usr/bin/make" "cmTC_32d86/fast"
/usr/bin/make -f CMakeFiles/cmTC_32d86.dir/build.make CMakeFiles/cmTC_32d86.dir/build
make[1]: Entering directory '/home/kevincybura/Desktop/c++/openbve2/cmake-build-debug/CMakeFiles/CMakeTmp'
Building CXX object CMakeFiles/cmTC_32d86.dir/src.cxx.o
/usr/bin/c++    -DWdouble_promotion   -Wdouble-promotion -std=c++14 -o CMakeFiles/cmTC_32d86.dir/src.cxx.o -c /home/kevincybura/Desktop/c++/openbve2/cmake-build-debug/CMakeFiles/CMakeTmp/src.cxx
Linking CXX executable cmTC_32d86
/home/kevincybura/Desktop/clion-2018.1.3/bin/cmake/bin/cmake -E cmake_link_script CMakeFiles/cmTC_32d86.dir/link.txt --verbose=1
/usr/bin/c++   -DWdouble_promotion    CMakeFiles/cmTC_32d86.dir/src.cxx.o  -o cmTC_32d86 
make[1]: Leaving directory '/home/kevincybura/Desktop/c++/openbve2/cmake-build-debug/CMakeFiles/CMakeTmp'

Source file was:
int main() { return 0; }
Performing C++ SOURCE FILE Test Wduplicated_branches succeeded with the following output:
Change Dir: /home/kevincybura/Desktop/c++/openbve2/cmake-build-debug/CMakeFiles/CMakeTmp

Run Build Command:"/usr/bin/make" "cmTC_a1536/fast"
/usr/bin/make -f CMakeFiles/cmTC_a1536.dir/build.make CMakeFiles/cmTC_a1536.dir/build
make[1]: Entering directory '/home/kevincybura/Desktop/c++/openbve2/cmake-build-debug/CMakeFiles/CMakeTmp'
Building CXX object CMakeFiles/cmTC_a1536.dir/src.cxx.o
/usr/bin/c++    -DWduplicated_branches   -Wduplicated-branches -std=c++14 -o CMakeFiles/cmTC_a1536.dir/src.cxx.o -c /home/kevincybura/Desktop/c++/openbve2/cmake-build-debug/CMakeFiles/CMakeTmp/src.cxx
Linking CXX executable cmTC_a1536
/home/kevincybura/Desktop/clion-2018.1.3/bin/cmake/bin/cmake -E cmake_link_script CMakeFiles/cmTC_a1536.dir/link.txt --verbose=1
/usr/bin/c++   -DWduplicated_branches    CMakeFiles/cmTC_a1536.dir/src.cxx.o  -o cmTC_a1536 
make[1]: Leaving directory '/home/kevincybura/Desktop/c++/openbve2/cmake-build-debug/CMakeFiles/CMakeTmp'

Source file was:
int main() { return 0; }
Performing C++ SOURCE FILE Test Wduplicated_cond succeeded with the following output:
Change Dir: /home/kevincybura/Desktop/c++/openbve2/cmake-build-debug/CMakeFiles/CMakeTmp

Run Build Command:"/usr/bin/make" "cmTC_e8100/fast"
/usr/bin/make -f CMakeFiles/cmTC_e8100.dir/build.make CMakeFiles/cmTC_e8100.dir/build
make[1]: Entering directory '/home/kevincybura/Desktop/c++/openbve2/cmake-build-debug/CMakeFiles/CMakeTmp'
Building CXX object CMakeFiles/cmTC_e8100.dir/src.cxx.o
/usr/bin/c++    -DWduplicated_cond   -Wduplicated-cond -std=c++14 -o CMakeFiles/cmTC_e8100.dir/src.cxx.o -c /home/kevincybura/Desktop/c++/openbve2/cmake-build-debug/CMakeFiles/CMakeTmp/src.cxx
Linking CXX executable cmTC_e8100
/home/kevincybura/Desktop/clion-2018.1.3/bin/cmake/bin/cmake -E cmake_link_script CMakeFiles/cmTC_e8100.dir/link.txt --verbose=1
/usr/bin/c++   -DWduplicated_cond    CMakeFiles/cmTC_e8100.dir/src.cxx.o  -o cmTC_e8100 
make[1]: Leaving directory '/home/kevincybura/Desktop/c++/openbve2/cmake-build-debug/CMakeFiles/CMakeTmp'

Source file was:
int main() { return 0; }
Performing C++ SOURCE FILE Test Wextra succeeded with the following output:
Change Dir: /home/kevincybura/Desktop/c++/openbve2/cmake-build-debug/CMakeFiles/CMakeTmp

Run Build Command:"/usr/bin/make" "cmTC_efeb7/fast"
/usr/bin/make -f CMakeFiles/cmTC_efeb7.dir/build.make CMakeFiles/cmTC_efeb7.dir/build
make[1]: Entering directory '/home/kevincybura/Desktop/c++/openbve2/cmake-build-debug/CMakeFiles/CMakeTmp'
Building CXX object CMakeFiles/cmTC_efeb7.dir/src.cxx.o
/usr/bin/c++    -DWextra   -Wextra -std=c++14 -o CMakeFiles/cmTC_efeb7.dir/src.cxx.o -c /home/kevincybura/Desktop/c++/openbve2/cmake-build-debug/CMakeFiles/CMakeTmp/src.cxx
Linking CXX executable cmTC_efeb7
/home/kevincybura/Desktop/clion-2018.1.3/bin/cmake/bin/cmake -E cmake_link_script CMakeFiles/cmTC_efeb7.dir/link.txt --verbose=1
/usr/bin/c++   -DWextra    CMakeFiles/cmTC_efeb7.dir/src.cxx.o  -o cmTC_efeb7 
make[1]: Leaving directory '/home/kevincybura/Desktop/c++/openbve2/cmake-build-debug/CMakeFiles/CMakeTmp'

Source file was:
int main() { return 0; }
Performing C++ SOURCE FILE Test Wformat succeeded with the following output:
Change Dir: /home/kevincybura/Desktop/c++/openbve2/cmake-build-debug/CMakeFiles/CMakeTmp

Run Build Command:"/usr/bin/make" "cmTC_bfa8e/fast"
/usr/bin/make -f CMakeFiles/cmTC_bfa8e.dir/build.make CMakeFiles/cmTC_bfa8e.dir/build
make[1]: Entering directory '/home/kevincybura/Desktop/c++/openbve2/cmake-build-debug/CMakeFiles/CMakeTmp'
Building CXX object CMakeFiles/cmTC_bfa8e.dir/src.cxx.o
/usr/bin/c++    -DWformat   -Wformat=2 -std=c++14 -o CMakeFiles/cmTC_bfa8e.dir/src.cxx.o -c /home/kevincybura/Desktop/c++/openbve2/cmake-build-debug/CMakeFiles/CMakeTmp/src.cxx
Linking CXX executable cmTC_bfa8e
/home/kevincybura/Desktop/clion-2018.1.3/bin/cmake/bin/cmake -E cmake_link_script CMakeFiles/cmTC_bfa8e.dir/link.txt --verbose=1
/usr/bin/c++   -DWformat    CMakeFiles/cmTC_bfa8e.dir/src.cxx.o  -o cmTC_bfa8e 
make[1]: Leaving directory '/home/kevincybura/Desktop/c++/openbve2/cmake-build-debug/CMakeFiles/CMakeTmp'

Source file was:
int main() { return 0; }
Performing C++ SOURCE FILE Test Winit_self succeeded with the following output:
Change Dir: /home/kevincybura/Desktop/c++/openbve2/cmake-build-debug/CMakeFiles/CMakeTmp

Run Build Command:"/usr/bin/make" "cmTC_0bea1/fast"
/usr/bin/make -f CMakeFiles/cmTC_0bea1.dir/build.make CMakeFiles/cmTC_0bea1.dir/build
make[1]: Entering directory '/home/kevincybura/Desktop/c++/openbve2/cmake-build-debug/CMakeFiles/CMakeTmp'
Building CXX object CMakeFiles/cmTC_0bea1.dir/src.cxx.o
/usr/bin/c++    -DWinit_self   -Winit-self -std=c++14 -o CMakeFiles/cmTC_0bea1.dir/src.cxx.o -c /home/kevincybura/Desktop/c++/openbve2/cmake-build-debug/CMakeFiles/CMakeTmp/src.cxx
Linking CXX executable cmTC_0bea1
/home/kevincybura/Desktop/clion-2018.1.3/bin/cmake/bin/cmake -E cmake_link_script CMakeFiles/cmTC_0bea1.dir/link.txt --verbose=1
/usr/bin/c++   -DWinit_self    CMakeFiles/cmTC_0bea1.dir/src.cxx.o  -o cmTC_0bea1 
make[1]: Leaving directory '/home/kevincybura/Desktop/c++/openbve2/cmake-build-debug/CMakeFiles/CMakeTmp'

Source file was:
int main() { return 0; }
Performing C++ SOURCE FILE Test Wlogical_op succeeded with the following output:
Change Dir: /home/kevincybura/Desktop/c++/openbve2/cmake-build-debug/CMakeFiles/CMakeTmp

Run Build Command:"/usr/bin/make" "cmTC_b14db/fast"
/usr/bin/make -f CMakeFiles/cmTC_b14db.dir/build.make CMakeFiles/cmTC_b14db.dir/build
make[1]: Entering directory '/home/kevincybura/Desktop/c++/openbve2/cmake-build-debug/CMakeFiles/CMakeTmp'
Building CXX object CMakeFiles/cmTC_b14db.dir/src.cxx.o
/usr/bin/c++    -DWlogical_op   -Wlogical-op -std=c++14 -o CMakeFiles/cmTC_b14db.dir/src.cxx.o -c /home/kevincybura/Desktop/c++/openbve2/cmake-build-debug/CMakeFiles/CMakeTmp/src.cxx
Linking CXX executable cmTC_b14db
/home/kevincybura/Desktop/clion-2018.1.3/bin/cmake/bin/cmake -E cmake_link_script CMakeFiles/cmTC_b14db.dir/link.txt --verbose=1
/usr/bin/c++   -DWlogical_op    CMakeFiles/cmTC_b14db.dir/src.cxx.o  -o cmTC_b14db 
make[1]: Leaving directory '/home/kevincybura/Desktop/c++/openbve2/cmake-build-debug/CMakeFiles/CMakeTmp'

Source file was:
int main() { return 0; }
Performing C++ SOURCE FILE Test Wno_gnu_zero_variadic_macro_arguments succeeded with the following output:
Change Dir: /home/kevincybura/Desktop/c++/openbve2/cmake-build-debug/CMakeFiles/CMakeTmp

Run Build Command:"/usr/bin/make" "cmTC_e30ec/fast"
/usr/bin/make -f CMakeFiles/cmTC_e30ec.dir/build.make CMakeFiles/cmTC_e30ec.dir/build
make[1]: Entering directory '/home/kevincybura/Desktop/c++/openbve2/cmake-build-debug/CMakeFiles/CMakeTmp'
Building CXX object CMakeFiles/cmTC_e30ec.dir/src.cxx.o
/usr/bin/c++    -DWno_gnu_zero_variadic_macro_arguments   -Wno-gnu-zero-variadic-macro-arguments -std=c++14 -o CMakeFiles/cmTC_e30ec.dir/src.cxx.o -c /home/kevincybura/Desktop/c++/openbve2/cmake-build-debug/CMakeFiles/CMakeTmp/src.cxx
Linking CXX executable cmTC_e30ec
/home/kevincybura/Desktop/clion-2018.1.3/bin/cmake/bin/cmake -E cmake_link_script CMakeFiles/cmTC_e30ec.dir/link.txt --verbose=1
/usr/bin/c++   -DWno_gnu_zero_variadic_macro_arguments    CMakeFiles/cmTC_e30ec.dir/src.cxx.o  -o cmTC_e30ec 
make[1]: Leaving directory '/home/kevincybura/Desktop/c++/openbve2/cmake-build-debug/CMakeFiles/CMakeTmp'

Source file was:
int main() { return 0; }
Performing C++ SOURCE FILE Test Wmissing_include_dirs succeeded with the following output:
Change Dir: /home/kevincybura/Desktop/c++/openbve2/cmake-build-debug/CMakeFiles/CMakeTmp

Run Build Command:"/usr/bin/make" "cmTC_4d73c/fast"
/usr/bin/make -f CMakeFiles/cmTC_4d73c.dir/build.make CMakeFiles/cmTC_4d73c.dir/build
make[1]: Entering directory '/home/kevincybura/Desktop/c++/openbve2/cmake-build-debug/CMakeFiles/CMakeTmp'
Building CXX object CMakeFiles/cmTC_4d73c.dir/src.cxx.o
/usr/bin/c++    -DWmissing_include_dirs   -Wmissing-include-dirs -std=c++14 -o CMakeFiles/cmTC_4d73c.dir/src.cxx.o -c /home/kevincybura/Desktop/c++/openbve2/cmake-build-debug/CMakeFiles/CMakeTmp/src.cxx
Linking CXX executable cmTC_4d73c
/home/kevincybura/Desktop/clion-2018.1.3/bin/cmake/bin/cmake -E cmake_link_script CMakeFiles/cmTC_4d73c.dir/link.txt --verbose=1
/usr/bin/c++   -DWmissing_include_dirs    CMakeFiles/cmTC_4d73c.dir/src.cxx.o  -o cmTC_4d73c 
make[1]: Leaving directory '/home/kevincybura/Desktop/c++/openbve2/cmake-build-debug/CMakeFiles/CMakeTmp'

Source file was:
int main() { return 0; }
Performing C++ SOURCE FILE Test Wno_sign_conversion succeeded with the following output:
Change Dir: /home/kevincybura/Desktop/c++/openbve2/cmake-build-debug/CMakeFiles/CMakeTmp

Run Build Command:"/usr/bin/make" "cmTC_a882f/fast"
/usr/bin/make -f CMakeFiles/cmTC_a882f.dir/build.make CMakeFiles/cmTC_a882f.dir/build
make[1]: Entering directory '/home/kevincybura/Desktop/c++/openbve2/cmake-build-debug/CMakeFiles/CMakeTmp'
Building CXX object CMakeFiles/cmTC_a882f.dir/src.cxx.o
/usr/bin/c++    -DWno_sign_conversion   -Wno-sign-conversion -std=c++14 -o CMakeFiles/cmTC_a882f.dir/src.cxx.o -c /home/kevincybura/Desktop/c++/openbve2/cmake-build-debug/CMakeFiles/CMakeTmp/src.cxx
Linking CXX executable cmTC_a882f
/home/kevincybura/Desktop/clion-2018.1.3/bin/cmake/bin/cmake -E cmake_link_script CMakeFiles/cmTC_a882f.dir/link.txt --verbose=1
/usr/bin/c++   -DWno_sign_conversion    CMakeFiles/cmTC_a882f.dir/src.cxx.o  -o cmTC_a882f 
make[1]: Leaving directory '/home/kevincybura/Desktop/c++/openbve2/cmake-build-debug/CMakeFiles/CMakeTmp'

Source file was:
int main() { return 0; }
Performing C++ SOURCE FILE Test Wnoexcept succeeded with the following output:
Change Dir: /home/kevincybura/Desktop/c++/openbve2/cmake-build-debug/CMakeFiles/CMakeTmp

Run Build Command:"/usr/bin/make" "cmTC_337a2/fast"
/usr/bin/make -f CMakeFiles/cmTC_337a2.dir/build.make CMakeFiles/cmTC_337a2.dir/build
make[1]: Entering directory '/home/kevincybura/Desktop/c++/openbve2/cmake-build-debug/CMakeFiles/CMakeTmp'
Building CXX object CMakeFiles/cmTC_337a2.dir/src.cxx.o
/usr/bin/c++    -DWnoexcept   -Wnoexcept -std=c++14 -o CMakeFiles/cmTC_337a2.dir/src.cxx.o -c /home/kevincybura/Desktop/c++/openbve2/cmake-build-debug/CMakeFiles/CMakeTmp/src.cxx
Linking CXX executable cmTC_337a2
/home/kevincybura/Desktop/clion-2018.1.3/bin/cmake/bin/cmake -E cmake_link_script CMakeFiles/cmTC_337a2.dir/link.txt --verbose=1
/usr/bin/c++   -DWnoexcept    CMakeFiles/cmTC_337a2.dir/src.cxx.o  -o cmTC_337a2 
make[1]: Leaving directory '/home/kevincybura/Desktop/c++/openbve2/cmake-build-debug/CMakeFiles/CMakeTmp'

Source file was:
int main() { return 0; }
Performing C++ SOURCE FILE Test Wnull_dereference succeeded with the following output:
Change Dir: /home/kevincybura/Desktop/c++/openbve2/cmake-build-debug/CMakeFiles/CMakeTmp

Run Build Command:"/usr/bin/make" "cmTC_abb7b/fast"
/usr/bin/make -f CMakeFiles/cmTC_abb7b.dir/build.make CMakeFiles/cmTC_abb7b.dir/build
make[1]: Entering directory '/home/kevincybura/Desktop/c++/openbve2/cmake-build-debug/CMakeFiles/CMakeTmp'
Building CXX object CMakeFiles/cmTC_abb7b.dir/src.cxx.o
/usr/bin/c++    -DWnull_dereference   -Wnull-dereference -std=c++14 -o CMakeFiles/cmTC_abb7b.dir/src.cxx.o -c /home/kevincybura/Desktop/c++/openbve2/cmake-build-debug/CMakeFiles/CMakeTmp/src.cxx
Linking CXX executable cmTC_abb7b
/home/kevincybura/Desktop/clion-2018.1.3/bin/cmake/bin/cmake -E cmake_link_script CMakeFiles/cmTC_abb7b.dir/link.txt --verbose=1
/usr/bin/c++   -DWnull_dereference    CMakeFiles/cmTC_abb7b.dir/src.cxx.o  -o cmTC_abb7b 
make[1]: Leaving directory '/home/kevincybura/Desktop/c++/openbve2/cmake-build-debug/CMakeFiles/CMakeTmp'

Source file was:
int main() { return 0; }
Performing C++ SOURCE FILE Test Wold_style_cast succeeded with the following output:
Change Dir: /home/kevincybura/Desktop/c++/openbve2/cmake-build-debug/CMakeFiles/CMakeTmp

Run Build Command:"/usr/bin/make" "cmTC_0c976/fast"
/usr/bin/make -f CMakeFiles/cmTC_0c976.dir/build.make CMakeFiles/cmTC_0c976.dir/build
make[1]: Entering directory '/home/kevincybura/Desktop/c++/openbve2/cmake-build-debug/CMakeFiles/CMakeTmp'
Building CXX object CMakeFiles/cmTC_0c976.dir/src.cxx.o
/usr/bin/c++    -DWold_style_cast   -Wold-style-cast -std=c++14 -o CMakeFiles/cmTC_0c976.dir/src.cxx.o -c /home/kevincybura/Desktop/c++/openbve2/cmake-build-debug/CMakeFiles/CMakeTmp/src.cxx
Linking CXX executable cmTC_0c976
/home/kevincybura/Desktop/clion-2018.1.3/bin/cmake/bin/cmake -E cmake_link_script CMakeFiles/cmTC_0c976.dir/link.txt --verbose=1
/usr/bin/c++   -DWold_style_cast    CMakeFiles/cmTC_0c976.dir/src.cxx.o  -o cmTC_0c976 
make[1]: Leaving directory '/home/kevincybura/Desktop/c++/openbve2/cmake-build-debug/CMakeFiles/CMakeTmp'

Source file was:
int main() { return 0; }
Performing C++ SOURCE FILE Test Woverloaded_virtual succeeded with the following output:
Change Dir: /home/kevincybura/Desktop/c++/openbve2/cmake-build-debug/CMakeFiles/CMakeTmp

Run Build Command:"/usr/bin/make" "cmTC_ec25f/fast"
/usr/bin/make -f CMakeFiles/cmTC_ec25f.dir/build.make CMakeFiles/cmTC_ec25f.dir/build
make[1]: Entering directory '/home/kevincybura/Desktop/c++/openbve2/cmake-build-debug/CMakeFiles/CMakeTmp'
Building CXX object CMakeFiles/cmTC_ec25f.dir/src.cxx.o
/usr/bin/c++    -DWoverloaded_virtual   -Woverloaded-virtual -std=c++14 -o CMakeFiles/cmTC_ec25f.dir/src.cxx.o -c /home/kevincybura/Desktop/c++/openbve2/cmake-build-debug/CMakeFiles/CMakeTmp/src.cxx
Linking CXX executable cmTC_ec25f
/home/kevincybura/Desktop/clion-2018.1.3/bin/cmake/bin/cmake -E cmake_link_script CMakeFiles/cmTC_ec25f.dir/link.txt --verbose=1
/usr/bin/c++   -DWoverloaded_virtual    CMakeFiles/cmTC_ec25f.dir/src.cxx.o  -o cmTC_ec25f 
make[1]: Leaving directory '/home/kevincybura/Desktop/c++/openbve2/cmake-build-debug/CMakeFiles/CMakeTmp'

Source file was:
int main() { return 0; }
Performing C++ SOURCE FILE Test Wpedantic succeeded with the following output:
Change Dir: /home/kevincybura/Desktop/c++/openbve2/cmake-build-debug/CMakeFiles/CMakeTmp

Run Build Command:"/usr/bin/make" "cmTC_eb375/fast"
/usr/bin/make -f CMakeFiles/cmTC_eb375.dir/build.make CMakeFiles/cmTC_eb375.dir/build
make[1]: Entering directory '/home/kevincybura/Desktop/c++/openbve2/cmake-build-debug/CMakeFiles/CMakeTmp'
Building CXX object CMakeFiles/cmTC_eb375.dir/src.cxx.o
/usr/bin/c++    -DWpedantic   -Wpedantic -std=c++14 -o CMakeFiles/cmTC_eb375.dir/src.cxx.o -c /home/kevincybura/Desktop/c++/openbve2/cmake-build-debug/CMakeFiles/CMakeTmp/src.cxx
Linking CXX executable cmTC_eb375
/home/kevincybura/Desktop/clion-2018.1.3/bin/cmake/bin/cmake -E cmake_link_script CMakeFiles/cmTC_eb375.dir/link.txt --verbose=1
/usr/bin/c++   -DWpedantic    CMakeFiles/cmTC_eb375.dir/src.cxx.o  -o cmTC_eb375 
make[1]: Leaving directory '/home/kevincybura/Desktop/c++/openbve2/cmake-build-debug/CMakeFiles/CMakeTmp'

Source file was:
int main() { return 0; }
Performing C++ SOURCE FILE Test Wrestrict succeeded with the following output:
Change Dir: /home/kevincybura/Desktop/c++/openbve2/cmake-build-debug/CMakeFiles/CMakeTmp

Run Build Command:"/usr/bin/make" "cmTC_c4c7e/fast"
/usr/bin/make -f CMakeFiles/cmTC_c4c7e.dir/build.make CMakeFiles/cmTC_c4c7e.dir/build
make[1]: Entering directory '/home/kevincybura/Desktop/c++/openbve2/cmake-build-debug/CMakeFiles/CMakeTmp'
Building CXX object CMakeFiles/cmTC_c4c7e.dir/src.cxx.o
/usr/bin/c++    -DWrestrict   -Wrestrict -std=c++14 -o CMakeFiles/cmTC_c4c7e.dir/src.cxx.o -c /home/kevincybura/Desktop/c++/openbve2/cmake-build-debug/CMakeFiles/CMakeTmp/src.cxx
Linking CXX executable cmTC_c4c7e
/home/kevincybura/Desktop/clion-2018.1.3/bin/cmake/bin/cmake -E cmake_link_script CMakeFiles/cmTC_c4c7e.dir/link.txt --verbose=1
/usr/bin/c++   -DWrestrict    CMakeFiles/cmTC_c4c7e.dir/src.cxx.o  -o cmTC_c4c7e 
make[1]: Leaving directory '/home/kevincybura/Desktop/c++/openbve2/cmake-build-debug/CMakeFiles/CMakeTmp'

Source file was:
int main() { return 0; }
Performing C++ SOURCE FILE Test Wshadow succeeded with the following output:
Change Dir: /home/kevincybura/Desktop/c++/openbve2/cmake-build-debug/CMakeFiles/CMakeTmp

Run Build Command:"/usr/bin/make" "cmTC_8ba90/fast"
/usr/bin/make -f CMakeFiles/cmTC_8ba90.dir/build.make CMakeFiles/cmTC_8ba90.dir/build
make[1]: Entering directory '/home/kevincybura/Desktop/c++/openbve2/cmake-build-debug/CMakeFiles/CMakeTmp'
Building CXX object CMakeFiles/cmTC_8ba90.dir/src.cxx.o
/usr/bin/c++    -DWshadow   -Wshadow -std=c++14 -o CMakeFiles/cmTC_8ba90.dir/src.cxx.o -c /home/kevincybura/Desktop/c++/openbve2/cmake-build-debug/CMakeFiles/CMakeTmp/src.cxx
Linking CXX executable cmTC_8ba90
/home/kevincybura/Desktop/clion-2018.1.3/bin/cmake/bin/cmake -E cmake_link_script CMakeFiles/cmTC_8ba90.dir/link.txt --verbose=1
/usr/bin/c++   -DWshadow    CMakeFiles/cmTC_8ba90.dir/src.cxx.o  -o cmTC_8ba90 
make[1]: Leaving directory '/home/kevincybura/Desktop/c++/openbve2/cmake-build-debug/CMakeFiles/CMakeTmp'

Source file was:
int main() { return 0; }
Performing C++ SOURCE FILE Test Wstrict_aliasing succeeded with the following output:
Change Dir: /home/kevincybura/Desktop/c++/openbve2/cmake-build-debug/CMakeFiles/CMakeTmp

Run Build Command:"/usr/bin/make" "cmTC_b0fed/fast"
/usr/bin/make -f CMakeFiles/cmTC_b0fed.dir/build.make CMakeFiles/cmTC_b0fed.dir/build
make[1]: Entering directory '/home/kevincybura/Desktop/c++/openbve2/cmake-build-debug/CMakeFiles/CMakeTmp'
Building CXX object CMakeFiles/cmTC_b0fed.dir/src.cxx.o
/usr/bin/c++    -DWstrict_aliasing   -Wstrict-aliasing=1 -std=c++14 -o CMakeFiles/cmTC_b0fed.dir/src.cxx.o -c /home/kevincybura/Desktop/c++/openbve2/cmake-build-debug/CMakeFiles/CMakeTmp/src.cxx
Linking CXX executable cmTC_b0fed
/home/kevincybura/Desktop/clion-2018.1.3/bin/cmake/bin/cmake -E cmake_link_script CMakeFiles/cmTC_b0fed.dir/link.txt --verbose=1
/usr/bin/c++   -DWstrict_aliasing    CMakeFiles/cmTC_b0fed.dir/src.cxx.o  -o cmTC_b0fed 
make[1]: Leaving directory '/home/kevincybura/Desktop/c++/openbve2/cmake-build-debug/CMakeFiles/CMakeTmp'

Source file was:
int main() { return 0; }
Performing C++ SOURCE FILE Test Wstrict_null_sentinel succeeded with the following output:
Change Dir: /home/kevincybura/Desktop/c++/openbve2/cmake-build-debug/CMakeFiles/CMakeTmp

Run Build Command:"/usr/bin/make" "cmTC_e054c/fast"
/usr/bin/make -f CMakeFiles/cmTC_e054c.dir/build.make CMakeFiles/cmTC_e054c.dir/build
make[1]: Entering directory '/home/kevincybura/Desktop/c++/openbve2/cmake-build-debug/CMakeFiles/CMakeTmp'
Building CXX object CMakeFiles/cmTC_e054c.dir/src.cxx.o
/usr/bin/c++    -DWstrict_null_sentinel   -Wstrict-null-sentinel -std=c++14 -o CMakeFiles/cmTC_e054c.dir/src.cxx.o -c /home/kevincybura/Desktop/c++/openbve2/cmake-build-debug/CMakeFiles/CMakeTmp/src.cxx
Linking CXX executable cmTC_e054c
/home/kevincybura/Desktop/clion-2018.1.3/bin/cmake/bin/cmake -E cmake_link_script CMakeFiles/cmTC_e054c.dir/link.txt --verbose=1
/usr/bin/c++   -DWstrict_null_sentinel    CMakeFiles/cmTC_e054c.dir/src.cxx.o  -o cmTC_e054c 
make[1]: Leaving directory '/home/kevincybura/Desktop/c++/openbve2/cmake-build-debug/CMakeFiles/CMakeTmp'

Source file was:
int main() { return 0; }
Performing C++ SOURCE FILE Test Wstrict_overflow succeeded with the following output:
Change Dir: /home/kevincybura/Desktop/c++/openbve2/cmake-build-debug/CMakeFiles/CMakeTmp

Run Build Command:"/usr/bin/make" "cmTC_dfc92/fast"
/usr/bin/make -f CMakeFiles/cmTC_dfc92.dir/build.make CMakeFiles/cmTC_dfc92.dir/build
make[1]: Entering directory '/home/kevincybura/Desktop/c++/openbve2/cmake-build-debug/CMakeFiles/CMakeTmp'
Building CXX object CMakeFiles/cmTC_dfc92.dir/src.cxx.o
/usr/bin/c++    -DWstrict_overflow   -Wstrict-overflow=2 -std=c++14 -o CMakeFiles/cmTC_dfc92.dir/src.cxx.o -c /home/kevincybura/Desktop/c++/openbve2/cmake-build-debug/CMakeFiles/CMakeTmp/src.cxx
Linking CXX executable cmTC_dfc92
/home/kevincybura/Desktop/clion-2018.1.3/bin/cmake/bin/cmake -E cmake_link_script CMakeFiles/cmTC_dfc92.dir/link.txt --verbose=1
/usr/bin/c++   -DWstrict_overflow    CMakeFiles/cmTC_dfc92.dir/src.cxx.o  -o cmTC_dfc92 
make[1]: Leaving directory '/home/kevincybura/Desktop/c++/openbve2/cmake-build-debug/CMakeFiles/CMakeTmp'

Source file was:
int main() { return 0; }
Performing C++ SOURCE FILE Test Wswitch_default succeeded with the following output:
Change Dir: /home/kevincybura/Desktop/c++/openbve2/cmake-build-debug/CMakeFiles/CMakeTmp

Run Build Command:"/usr/bin/make" "cmTC_78330/fast"
/usr/bin/make -f CMakeFiles/cmTC_78330.dir/build.make CMakeFiles/cmTC_78330.dir/build
make[1]: Entering directory '/home/kevincybura/Desktop/c++/openbve2/cmake-build-debug/CMakeFiles/CMakeTmp'
Building CXX object CMakeFiles/cmTC_78330.dir/src.cxx.o
/usr/bin/c++    -DWswitch_default   -Wswitch-default -std=c++14 -o CMakeFiles/cmTC_78330.dir/src.cxx.o -c /home/kevincybura/Desktop/c++/openbve2/cmake-build-debug/CMakeFiles/CMakeTmp/src.cxx
Linking CXX executable cmTC_78330
/home/kevincybura/Desktop/clion-2018.1.3/bin/cmake/bin/cmake -E cmake_link_script CMakeFiles/cmTC_78330.dir/link.txt --verbose=1
/usr/bin/c++   -DWswitch_default    CMakeFiles/cmTC_78330.dir/src.cxx.o  -o cmTC_78330 
make[1]: Leaving directory '/home/kevincybura/Desktop/c++/openbve2/cmake-build-debug/CMakeFiles/CMakeTmp'

Source file was:
int main() { return 0; }
Performing C++ SOURCE FILE Test Wundef succeeded with the following output:
Change Dir: /home/kevincybura/Desktop/c++/openbve2/cmake-build-debug/CMakeFiles/CMakeTmp

Run Build Command:"/usr/bin/make" "cmTC_c4faf/fast"
/usr/bin/make -f CMakeFiles/cmTC_c4faf.dir/build.make CMakeFiles/cmTC_c4faf.dir/build
make[1]: Entering directory '/home/kevincybura/Desktop/c++/openbve2/cmake-build-debug/CMakeFiles/CMakeTmp'
Building CXX object CMakeFiles/cmTC_c4faf.dir/src.cxx.o
/usr/bin/c++    -DWundef   -Wundef -std=c++14 -o CMakeFiles/cmTC_c4faf.dir/src.cxx.o -c /home/kevincybura/Desktop/c++/openbve2/cmake-build-debug/CMakeFiles/CMakeTmp/src.cxx
Linking CXX executable cmTC_c4faf
/home/kevincybura/Desktop/clion-2018.1.3/bin/cmake/bin/cmake -E cmake_link_script CMakeFiles/cmTC_c4faf.dir/link.txt --verbose=1
/usr/bin/c++   -DWundef    CMakeFiles/cmTC_c4faf.dir/src.cxx.o  -o cmTC_c4faf 
make[1]: Leaving directory '/home/kevincybura/Desktop/c++/openbve2/cmake-build-debug/CMakeFiles/CMakeTmp'

Source file was:
int main() { return 0; }
Performing C++ SOURCE FILE Test Wno_unknown_pragmas succeeded with the following output:
Change Dir: /home/kevincybura/Desktop/c++/openbve2/cmake-build-debug/CMakeFiles/CMakeTmp

Run Build Command:"/usr/bin/make" "cmTC_b0db1/fast"
/usr/bin/make -f CMakeFiles/cmTC_b0db1.dir/build.make CMakeFiles/cmTC_b0db1.dir/build
make[1]: Entering directory '/home/kevincybura/Desktop/c++/openbve2/cmake-build-debug/CMakeFiles/CMakeTmp'
Building CXX object CMakeFiles/cmTC_b0db1.dir/src.cxx.o
/usr/bin/c++    -DWno_unknown_pragmas   -Wno-unknown-pragmas -std=c++14 -o CMakeFiles/cmTC_b0db1.dir/src.cxx.o -c /home/kevincybura/Desktop/c++/openbve2/cmake-build-debug/CMakeFiles/CMakeTmp/src.cxx
Linking CXX executable cmTC_b0db1
/home/kevincybura/Desktop/clion-2018.1.3/bin/cmake/bin/cmake -E cmake_link_script CMakeFiles/cmTC_b0db1.dir/link.txt --verbose=1
/usr/bin/c++   -DWno_unknown_pragmas    CMakeFiles/cmTC_b0db1.dir/src.cxx.o  -o cmTC_b0db1 
make[1]: Leaving directory '/home/kevincybura/Desktop/c++/openbve2/cmake-build-debug/CMakeFiles/CMakeTmp'

Source file was:
int main() { return 0; }
Performing C++ SOURCE FILE Test Wuseless_cast succeeded with the following output:
Change Dir: /home/kevincybura/Desktop/c++/openbve2/cmake-build-debug/CMakeFiles/CMakeTmp

Run Build Command:"/usr/bin/make" "cmTC_f741c/fast"
/usr/bin/make -f CMakeFiles/cmTC_f741c.dir/build.make CMakeFiles/cmTC_f741c.dir/build
make[1]: Entering directory '/home/kevincybura/Desktop/c++/openbve2/cmake-build-debug/CMakeFiles/CMakeTmp'
Building CXX object CMakeFiles/cmTC_f741c.dir/src.cxx.o
/usr/bin/c++    -DWuseless_cast   -Wuseless-cast -std=c++14 -o CMakeFiles/cmTC_f741c.dir/src.cxx.o -c /home/kevincybura/Desktop/c++/openbve2/cmake-build-debug/CMakeFiles/CMakeTmp/src.cxx
Linking CXX executable cmTC_f741c
/home/kevincybura/Desktop/clion-2018.1.3/bin/cmake/bin/cmake -E cmake_link_script CMakeFiles/cmTC_f741c.dir/link.txt --verbose=1
/usr/bin/c++   -DWuseless_cast    CMakeFiles/cmTC_f741c.dir/src.cxx.o  -o cmTC_f741c 
make[1]: Leaving directory '/home/kevincybura/Desktop/c++/openbve2/cmake-build-debug/CMakeFiles/CMakeTmp'

Source file was:
int main() { return 0; }
