Determining if the pthread_create exist failed with the following output:
Change Dir: /home/kevincybura/Desktop/c++/openbve2/cmake-build-relwithdebinfo/CMakeFiles/CMakeTmp

Run Build Command:"/usr/bin/make" "cmTC_626b2/fast"
/usr/bin/make -f CMakeFiles/cmTC_626b2.dir/build.make CMakeFiles/cmTC_626b2.dir/build
make[1]: Entering directory '/home/kevincybura/Desktop/c++/openbve2/cmake-build-relwithdebinfo/CMakeFiles/CMakeTmp'
Building CXX object CMakeFiles/cmTC_626b2.dir/CheckSymbolExists.cxx.o
/usr/bin/c++    -std=c++14 -o CMakeFiles/cmTC_626b2.dir/CheckSymbolExists.cxx.o -c /home/kevincybura/Desktop/c++/openbve2/cmake-build-relwithdebinfo/CMakeFiles/CMakeTmp/CheckSymbolExists.cxx
Linking CXX executable cmTC_626b2
/home/kevincybura/Desktop/clion-2018.1.3/bin/cmake/bin/cmake -E cmake_link_script CMakeFiles/cmTC_626b2.dir/link.txt --verbose=1
/usr/bin/c++       CMakeFiles/cmTC_626b2.dir/CheckSymbolExists.cxx.o  -o cmTC_626b2 
CMakeFiles/cmTC_626b2.dir/CheckSymbolExists.cxx.o: In function `main':
CheckSymbolExists.cxx:(.text+0x1b): undefined reference to `pthread_create'
collect2: error: ld returned 1 exit status
CMakeFiles/cmTC_626b2.dir/build.make:97: recipe for target 'cmTC_626b2' failed
make[1]: *** [cmTC_626b2] Error 1
make[1]: Leaving directory '/home/kevincybura/Desktop/c++/openbve2/cmake-build-relwithdebinfo/CMakeFiles/CMakeTmp'
Makefile:126: recipe for target 'cmTC_626b2/fast' failed
make: *** [cmTC_626b2/fast] Error 2

File /home/kevincybura/Desktop/c++/openbve2/cmake-build-relwithdebinfo/CMakeFiles/CMakeTmp/CheckSymbolExists.cxx:
/* */
#include <pthread.h>

int main(int argc, char** argv)
{
  (void)argv;
#ifndef pthread_create
  return ((int*)(&pthread_create))[argc];
#else
  (void)argc;
  return 0;
#endif
}

Determining if the function pthread_create exists in the pthreads failed with the following output:
Change Dir: /home/kevincybura/Desktop/c++/openbve2/cmake-build-relwithdebinfo/CMakeFiles/CMakeTmp

Run Build Command:"/usr/bin/make" "cmTC_6127a/fast"
/usr/bin/make -f CMakeFiles/cmTC_6127a.dir/build.make CMakeFiles/cmTC_6127a.dir/build
make[1]: Entering directory '/home/kevincybura/Desktop/c++/openbve2/cmake-build-relwithdebinfo/CMakeFiles/CMakeTmp'
Building CXX object CMakeFiles/cmTC_6127a.dir/CheckFunctionExists.cxx.o
/usr/bin/c++    -DCHECK_FUNCTION_EXISTS=pthread_create   -std=c++14 -o CMakeFiles/cmTC_6127a.dir/CheckFunctionExists.cxx.o -c /home/kevincybura/Desktop/c++/openbve2/cmake-build-relwithdebinfo/CMakeFiles/CheckLibraryExists/CheckFunctionExists.cxx
Linking CXX executable cmTC_6127a
/home/kevincybura/Desktop/clion-2018.1.3/bin/cmake/bin/cmake -E cmake_link_script CMakeFiles/cmTC_6127a.dir/link.txt --verbose=1
/usr/bin/c++   -DCHECK_FUNCTION_EXISTS=pthread_create    CMakeFiles/cmTC_6127a.dir/CheckFunctionExists.cxx.o  -o cmTC_6127a -lpthreads 
/usr/bin/x86_64-linux-gnu-ld: cannot find -lpthreads
collect2: error: ld returned 1 exit status
CMakeFiles/cmTC_6127a.dir/build.make:97: recipe for target 'cmTC_6127a' failed
make[1]: *** [cmTC_6127a] Error 1
make[1]: Leaving directory '/home/kevincybura/Desktop/c++/openbve2/cmake-build-relwithdebinfo/CMakeFiles/CMakeTmp'
Makefile:126: recipe for target 'cmTC_6127a/fast' failed
make: *** [cmTC_6127a/fast] Error 2


