The system is: Linux - 4.15.0-22-generic - x86_64
Compiling the CXX compiler identification source file "CMakeCXXCompilerId.cpp" succeeded.
Compiler: /usr/bin/c++ 
Build flags: 
Id flags:  

The output was:
0


Compilation of the CXX compiler identification source "CMakeCXXCompilerId.cpp" produced "a.out"

The CXX compiler identification is GNU, found in "/home/kevincybura/Desktop/c++/openbve2/cmake-build-release/CMakeFiles/3.10.3/CompilerIdCXX/a.out"

Determining if the CXX compiler works passed with the following output:
Change Dir: /home/kevincybura/Desktop/c++/openbve2/cmake-build-release/CMakeFiles/CMakeTmp

Run Build Command:"/usr/bin/make" "cmTC_5b453/fast"
/usr/bin/make -f CMakeFiles/cmTC_5b453.dir/build.make CMakeFiles/cmTC_5b453.dir/build
make[1]: Entering directory '/home/kevincybura/Desktop/c++/openbve2/cmake-build-release/CMakeFiles/CMakeTmp'
Building CXX object CMakeFiles/cmTC_5b453.dir/testCXXCompiler.cxx.o
/usr/bin/c++     -o CMakeFiles/cmTC_5b453.dir/testCXXCompiler.cxx.o -c /home/kevincybura/Desktop/c++/openbve2/cmake-build-release/CMakeFiles/CMakeTmp/testCXXCompiler.cxx
Linking CXX executable cmTC_5b453
/home/kevincybura/Desktop/clion-2018.1.3/bin/cmake/bin/cmake -E cmake_link_script CMakeFiles/cmTC_5b453.dir/link.txt --verbose=1
/usr/bin/c++       CMakeFiles/cmTC_5b453.dir/testCXXCompiler.cxx.o  -o cmTC_5b453 
make[1]: Leaving directory '/home/kevincybura/Desktop/c++/openbve2/cmake-build-release/CMakeFiles/CMakeTmp'


Detecting CXX compiler ABI info compiled with the following output:
Change Dir: /home/kevincybura/Desktop/c++/openbve2/cmake-build-release/CMakeFiles/CMakeTmp

Run Build Command:"/usr/bin/make" "cmTC_b6c6b/fast"
/usr/bin/make -f CMakeFiles/cmTC_b6c6b.dir/build.make CMakeFiles/cmTC_b6c6b.dir/build
make[1]: Entering directory '/home/kevincybura/Desktop/c++/openbve2/cmake-build-release/CMakeFiles/CMakeTmp'
Building CXX object CMakeFiles/cmTC_b6c6b.dir/CMakeCXXCompilerABI.cpp.o
/usr/bin/c++     -o CMakeFiles/cmTC_b6c6b.dir/CMakeCXXCompilerABI.cpp.o -c /home/kevincybura/Desktop/clion-2018.1.3/bin/cmake/share/cmake-3.10/Modules/CMakeCXXCompilerABI.cpp
Linking CXX executable cmTC_b6c6b
/home/kevincybura/Desktop/clion-2018.1.3/bin/cmake/bin/cmake -E cmake_link_script CMakeFiles/cmTC_b6c6b.dir/link.txt --verbose=1
/usr/bin/c++      -v CMakeFiles/cmTC_b6c6b.dir/CMakeCXXCompilerABI.cpp.o  -o cmTC_b6c6b 
Using built-in specs.
COLLECT_GCC=/usr/bin/c++
COLLECT_LTO_WRAPPER=/usr/lib/gcc/x86_64-linux-gnu/7/lto-wrapper
OFFLOAD_TARGET_NAMES=nvptx-none
OFFLOAD_TARGET_DEFAULT=1
Target: x86_64-linux-gnu
Configured with: ../src/configure -v --with-pkgversion='Ubuntu 7.3.0-16ubuntu3' --with-bugurl=file:///usr/share/doc/gcc-7/README.Bugs --enable-languages=c,ada,c++,go,brig,d,fortran,objc,obj-c++ --prefix=/usr --with-gcc-major-version-only --with-as=/usr/bin/x86_64-linux-gnu-as --with-ld=/usr/bin/x86_64-linux-gnu-ld --program-suffix=-7 --program-prefix=x86_64-linux-gnu- --enable-shared --enable-linker-build-id --libexecdir=/usr/lib --without-included-gettext --enable-threads=posix --libdir=/usr/lib --enable-nls --with-sysroot=/ --enable-clocale=gnu --enable-libstdcxx-debug --enable-libstdcxx-time=yes --with-default-libstdcxx-abi=new --enable-gnu-unique-object --disable-vtable-verify --enable-libmpx --enable-plugin --enable-default-pie --with-system-zlib --with-target-system-zlib --enable-objc-gc=auto --enable-multiarch --disable-werror --with-arch-32=i686 --with-abi=m64 --with-multilib-list=m32,m64,mx32 --enable-multilib --with-tune=generic --enable-offload-targets=nvptx-none --without-cuda-driver --enable-checking=release --build=x86_64-linux-gnu --host=x86_64-linux-gnu --target=x86_64-linux-gnu
Thread model: posix
gcc version 7.3.0 (Ubuntu 7.3.0-16ubuntu3) 
COMPILER_PATH=/usr/lib/gcc/x86_64-linux-gnu/7/:/usr/lib/gcc/x86_64-linux-gnu/7/:/usr/lib/gcc/x86_64-linux-gnu/:/usr/lib/gcc/x86_64-linux-gnu/7/:/usr/lib/gcc/x86_64-linux-gnu/
LIBRARY_PATH=/usr/lib/gcc/x86_64-linux-gnu/7/:/usr/lib/gcc/x86_64-linux-gnu/7/../../../x86_64-linux-gnu/:/usr/lib/gcc/x86_64-linux-gnu/7/../../../../lib/:/lib/x86_64-linux-gnu/:/lib/../lib/:/usr/lib/x86_64-linux-gnu/:/usr/lib/../lib/:/usr/lib/gcc/x86_64-linux-gnu/7/../../../:/lib/:/usr/lib/
COLLECT_GCC_OPTIONS='-v' '-o' 'cmTC_b6c6b' '-shared-libgcc' '-mtune=generic' '-march=x86-64'
 /usr/lib/gcc/x86_64-linux-gnu/7/collect2 -plugin /usr/lib/gcc/x86_64-linux-gnu/7/liblto_plugin.so -plugin-opt=/usr/lib/gcc/x86_64-linux-gnu/7/lto-wrapper -plugin-opt=-fresolution=/tmp/ccVqlG9R.res -plugin-opt=-pass-through=-lgcc_s -plugin-opt=-pass-through=-lgcc -plugin-opt=-pass-through=-lc -plugin-opt=-pass-through=-lgcc_s -plugin-opt=-pass-through=-lgcc --sysroot=/ --build-id --eh-frame-hdr -m elf_x86_64 --hash-style=gnu --as-needed -dynamic-linker /lib64/ld-linux-x86-64.so.2 -pie -z now -z relro -o cmTC_b6c6b /usr/lib/gcc/x86_64-linux-gnu/7/../../../x86_64-linux-gnu/Scrt1.o /usr/lib/gcc/x86_64-linux-gnu/7/../../../x86_64-linux-gnu/crti.o /usr/lib/gcc/x86_64-linux-gnu/7/crtbeginS.o -L/usr/lib/gcc/x86_64-linux-gnu/7 -L/usr/lib/gcc/x86_64-linux-gnu/7/../../../x86_64-linux-gnu -L/usr/lib/gcc/x86_64-linux-gnu/7/../../../../lib -L/lib/x86_64-linux-gnu -L/lib/../lib -L/usr/lib/x86_64-linux-gnu -L/usr/lib/../lib -L/usr/lib/gcc/x86_64-linux-gnu/7/../../.. CMakeFiles/cmTC_b6c6b.dir/CMakeCXXCompilerABI.cpp.o -lstdc++ -lm -lgcc_s -lgcc -lc -lgcc_s -lgcc /usr/lib/gcc/x86_64-linux-gnu/7/crtendS.o /usr/lib/gcc/x86_64-linux-gnu/7/../../../x86_64-linux-gnu/crtn.o
COLLECT_GCC_OPTIONS='-v' '-o' 'cmTC_b6c6b' '-shared-libgcc' '-mtune=generic' '-march=x86-64'
make[1]: Leaving directory '/home/kevincybura/Desktop/c++/openbve2/cmake-build-release/CMakeFiles/CMakeTmp'


Parsed CXX implicit link information from above output:
  link line regex: [^( *|.*[/\])(ld|CMAKE_LINK_STARTFILE-NOTFOUND|([^/\]+-)?ld|collect2)[^/\]*( |$)]
  ignore line: [Change Dir: /home/kevincybura/Desktop/c++/openbve2/cmake-build-release/CMakeFiles/CMakeTmp]
  ignore line: []
  ignore line: [Run Build Command:"/usr/bin/make" "cmTC_b6c6b/fast"]
  ignore line: [/usr/bin/make -f CMakeFiles/cmTC_b6c6b.dir/build.make CMakeFiles/cmTC_b6c6b.dir/build]
  ignore line: [make[1]: Entering directory '/home/kevincybura/Desktop/c++/openbve2/cmake-build-release/CMakeFiles/CMakeTmp']
  ignore line: [Building CXX object CMakeFiles/cmTC_b6c6b.dir/CMakeCXXCompilerABI.cpp.o]
  ignore line: [/usr/bin/c++     -o CMakeFiles/cmTC_b6c6b.dir/CMakeCXXCompilerABI.cpp.o -c /home/kevincybura/Desktop/clion-2018.1.3/bin/cmake/share/cmake-3.10/Modules/CMakeCXXCompilerABI.cpp]
  ignore line: [Linking CXX executable cmTC_b6c6b]
  ignore line: [/home/kevincybura/Desktop/clion-2018.1.3/bin/cmake/bin/cmake -E cmake_link_script CMakeFiles/cmTC_b6c6b.dir/link.txt --verbose=1]
  ignore line: [/usr/bin/c++      -v CMakeFiles/cmTC_b6c6b.dir/CMakeCXXCompilerABI.cpp.o  -o cmTC_b6c6b ]
  ignore line: [Using built-in specs.]
  ignore line: [COLLECT_GCC=/usr/bin/c++]
  ignore line: [COLLECT_LTO_WRAPPER=/usr/lib/gcc/x86_64-linux-gnu/7/lto-wrapper]
  ignore line: [OFFLOAD_TARGET_NAMES=nvptx-none]
  ignore line: [OFFLOAD_TARGET_DEFAULT=1]
  ignore line: [Target: x86_64-linux-gnu]
  ignore line: [Configured with: ../src/configure -v --with-pkgversion='Ubuntu 7.3.0-16ubuntu3' --with-bugurl=file:///usr/share/doc/gcc-7/README.Bugs --enable-languages=c,ada,c++,go,brig,d,fortran,objc,obj-c++ --prefix=/usr --with-gcc-major-version-only --with-as=/usr/bin/x86_64-linux-gnu-as --with-ld=/usr/bin/x86_64-linux-gnu-ld --program-suffix=-7 --program-prefix=x86_64-linux-gnu- --enable-shared --enable-linker-build-id --libexecdir=/usr/lib --without-included-gettext --enable-threads=posix --libdir=/usr/lib --enable-nls --with-sysroot=/ --enable-clocale=gnu --enable-libstdcxx-debug --enable-libstdcxx-time=yes --with-default-libstdcxx-abi=new --enable-gnu-unique-object --disable-vtable-verify --enable-libmpx --enable-plugin --enable-default-pie --with-system-zlib --with-target-system-zlib --enable-objc-gc=auto --enable-multiarch --disable-werror --with-arch-32=i686 --with-abi=m64 --with-multilib-list=m32,m64,mx32 --enable-multilib --with-tune=generic --enable-offload-targets=nvptx-none --without-cuda-driver --enable-checking=release --build=x86_64-linux-gnu --host=x86_64-linux-gnu --target=x86_64-linux-gnu]
  ignore line: [Thread model: posix]
  ignore line: [gcc version 7.3.0 (Ubuntu 7.3.0-16ubuntu3) ]
  ignore line: [COMPILER_PATH=/usr/lib/gcc/x86_64-linux-gnu/7/:/usr/lib/gcc/x86_64-linux-gnu/7/:/usr/lib/gcc/x86_64-linux-gnu/:/usr/lib/gcc/x86_64-linux-gnu/7/:/usr/lib/gcc/x86_64-linux-gnu/]
  ignore line: [LIBRARY_PATH=/usr/lib/gcc/x86_64-linux-gnu/7/:/usr/lib/gcc/x86_64-linux-gnu/7/../../../x86_64-linux-gnu/:/usr/lib/gcc/x86_64-linux-gnu/7/../../../../lib/:/lib/x86_64-linux-gnu/:/lib/../lib/:/usr/lib/x86_64-linux-gnu/:/usr/lib/../lib/:/usr/lib/gcc/x86_64-linux-gnu/7/../../../:/lib/:/usr/lib/]
  ignore line: [COLLECT_GCC_OPTIONS='-v' '-o' 'cmTC_b6c6b' '-shared-libgcc' '-mtune=generic' '-march=x86-64']
  link line: [ /usr/lib/gcc/x86_64-linux-gnu/7/collect2 -plugin /usr/lib/gcc/x86_64-linux-gnu/7/liblto_plugin.so -plugin-opt=/usr/lib/gcc/x86_64-linux-gnu/7/lto-wrapper -plugin-opt=-fresolution=/tmp/ccVqlG9R.res -plugin-opt=-pass-through=-lgcc_s -plugin-opt=-pass-through=-lgcc -plugin-opt=-pass-through=-lc -plugin-opt=-pass-through=-lgcc_s -plugin-opt=-pass-through=-lgcc --sysroot=/ --build-id --eh-frame-hdr -m elf_x86_64 --hash-style=gnu --as-needed -dynamic-linker /lib64/ld-linux-x86-64.so.2 -pie -z now -z relro -o cmTC_b6c6b /usr/lib/gcc/x86_64-linux-gnu/7/../../../x86_64-linux-gnu/Scrt1.o /usr/lib/gcc/x86_64-linux-gnu/7/../../../x86_64-linux-gnu/crti.o /usr/lib/gcc/x86_64-linux-gnu/7/crtbeginS.o -L/usr/lib/gcc/x86_64-linux-gnu/7 -L/usr/lib/gcc/x86_64-linux-gnu/7/../../../x86_64-linux-gnu -L/usr/lib/gcc/x86_64-linux-gnu/7/../../../../lib -L/lib/x86_64-linux-gnu -L/lib/../lib -L/usr/lib/x86_64-linux-gnu -L/usr/lib/../lib -L/usr/lib/gcc/x86_64-linux-gnu/7/../../.. CMakeFiles/cmTC_b6c6b.dir/CMakeCXXCompilerABI.cpp.o -lstdc++ -lm -lgcc_s -lgcc -lc -lgcc_s -lgcc /usr/lib/gcc/x86_64-linux-gnu/7/crtendS.o /usr/lib/gcc/x86_64-linux-gnu/7/../../../x86_64-linux-gnu/crtn.o]
    arg [/usr/lib/gcc/x86_64-linux-gnu/7/collect2] ==> ignore
    arg [-plugin] ==> ignore
    arg [/usr/lib/gcc/x86_64-linux-gnu/7/liblto_plugin.so] ==> ignore
    arg [-plugin-opt=/usr/lib/gcc/x86_64-linux-gnu/7/lto-wrapper] ==> ignore
    arg [-plugin-opt=-fresolution=/tmp/ccVqlG9R.res] ==> ignore
    arg [-plugin-opt=-pass-through=-lgcc_s] ==> ignore
    arg [-plugin-opt=-pass-through=-lgcc] ==> ignore
    arg [-plugin-opt=-pass-through=-lc] ==> ignore
    arg [-plugin-opt=-pass-through=-lgcc_s] ==> ignore
    arg [-plugin-opt=-pass-through=-lgcc] ==> ignore
    arg [--sysroot=/] ==> ignore
    arg [--build-id] ==> ignore
    arg [--eh-frame-hdr] ==> ignore
    arg [-m] ==> ignore
    arg [elf_x86_64] ==> ignore
    arg [--hash-style=gnu] ==> ignore
    arg [--as-needed] ==> ignore
    arg [-dynamic-linker] ==> ignore
    arg [/lib64/ld-linux-x86-64.so.2] ==> ignore
    arg [-pie] ==> ignore
    arg [-znow] ==> ignore
    arg [-zrelro] ==> ignore
    arg [-o] ==> ignore
    arg [cmTC_b6c6b] ==> ignore
    arg [/usr/lib/gcc/x86_64-linux-gnu/7/../../../x86_64-linux-gnu/Scrt1.o] ==> ignore
    arg [/usr/lib/gcc/x86_64-linux-gnu/7/../../../x86_64-linux-gnu/crti.o] ==> ignore
    arg [/usr/lib/gcc/x86_64-linux-gnu/7/crtbeginS.o] ==> ignore
    arg [-L/usr/lib/gcc/x86_64-linux-gnu/7] ==> dir [/usr/lib/gcc/x86_64-linux-gnu/7]
    arg [-L/usr/lib/gcc/x86_64-linux-gnu/7/../../../x86_64-linux-gnu] ==> dir [/usr/lib/gcc/x86_64-linux-gnu/7/../../../x86_64-linux-gnu]
    arg [-L/usr/lib/gcc/x86_64-linux-gnu/7/../../../../lib] ==> dir [/usr/lib/gcc/x86_64-linux-gnu/7/../../../../lib]
    arg [-L/lib/x86_64-linux-gnu] ==> dir [/lib/x86_64-linux-gnu]
    arg [-L/lib/../lib] ==> dir [/lib/../lib]
    arg [-L/usr/lib/x86_64-linux-gnu] ==> dir [/usr/lib/x86_64-linux-gnu]
    arg [-L/usr/lib/../lib] ==> dir [/usr/lib/../lib]
    arg [-L/usr/lib/gcc/x86_64-linux-gnu/7/../../..] ==> dir [/usr/lib/gcc/x86_64-linux-gnu/7/../../..]
    arg [CMakeFiles/cmTC_b6c6b.dir/CMakeCXXCompilerABI.cpp.o] ==> ignore
    arg [-lstdc++] ==> lib [stdc++]
    arg [-lm] ==> lib [m]
    arg [-lgcc_s] ==> lib [gcc_s]
    arg [-lgcc] ==> lib [gcc]
    arg [-lc] ==> lib [c]
    arg [-lgcc_s] ==> lib [gcc_s]
    arg [-lgcc] ==> lib [gcc]
    arg [/usr/lib/gcc/x86_64-linux-gnu/7/crtendS.o] ==> ignore
    arg [/usr/lib/gcc/x86_64-linux-gnu/7/../../../x86_64-linux-gnu/crtn.o] ==> ignore
  collapse library dir [/usr/lib/gcc/x86_64-linux-gnu/7] ==> [/usr/lib/gcc/x86_64-linux-gnu/7]
  collapse library dir [/usr/lib/gcc/x86_64-linux-gnu/7/../../../x86_64-linux-gnu] ==> [/usr/lib/x86_64-linux-gnu]
  collapse library dir [/usr/lib/gcc/x86_64-linux-gnu/7/../../../../lib] ==> [/usr/lib]
  collapse library dir [/lib/x86_64-linux-gnu] ==> [/lib/x86_64-linux-gnu]
  collapse library dir [/lib/../lib] ==> [/lib]
  collapse library dir [/usr/lib/x86_64-linux-gnu] ==> [/usr/lib/x86_64-linux-gnu]
  collapse library dir [/usr/lib/../lib] ==> [/usr/lib]
  collapse library dir [/usr/lib/gcc/x86_64-linux-gnu/7/../../..] ==> [/usr/lib]
  implicit libs: [stdc++;m;gcc_s;gcc;c;gcc_s;gcc]
  implicit dirs: [/usr/lib/gcc/x86_64-linux-gnu/7;/usr/lib/x86_64-linux-gnu;/usr/lib;/lib/x86_64-linux-gnu;/lib]
  implicit fwks: []




Detecting CXX [-std=c++1z] compiler features compiled with the following output:
Change Dir: /home/kevincybura/Desktop/c++/openbve2/cmake-build-release/CMakeFiles/CMakeTmp

Run Build Command:"/usr/bin/make" "cmTC_40adf/fast"
/usr/bin/make -f CMakeFiles/cmTC_40adf.dir/build.make CMakeFiles/cmTC_40adf.dir/build
make[1]: Entering directory '/home/kevincybura/Desktop/c++/openbve2/cmake-build-release/CMakeFiles/CMakeTmp'
Building CXX object CMakeFiles/cmTC_40adf.dir/feature_tests.cxx.o
/usr/bin/c++    -std=c++1z -o CMakeFiles/cmTC_40adf.dir/feature_tests.cxx.o -c /home/kevincybura/Desktop/c++/openbve2/cmake-build-release/CMakeFiles/feature_tests.cxx
Linking CXX executable cmTC_40adf
/home/kevincybura/Desktop/clion-2018.1.3/bin/cmake/bin/cmake -E cmake_link_script CMakeFiles/cmTC_40adf.dir/link.txt --verbose=1
/usr/bin/c++       CMakeFiles/cmTC_40adf.dir/feature_tests.cxx.o  -o cmTC_40adf 
make[1]: Leaving directory '/home/kevincybura/Desktop/c++/openbve2/cmake-build-release/CMakeFiles/CMakeTmp'


    Feature record: CXX_FEATURE:1cxx_aggregate_default_initializers
    Feature record: CXX_FEATURE:1cxx_alias_templates
    Feature record: CXX_FEATURE:1cxx_alignas
    Feature record: CXX_FEATURE:1cxx_alignof
    Feature record: CXX_FEATURE:1cxx_attributes
    Feature record: CXX_FEATURE:1cxx_attribute_deprecated
    Feature record: CXX_FEATURE:1cxx_auto_type
    Feature record: CXX_FEATURE:1cxx_binary_literals
    Feature record: CXX_FEATURE:1cxx_constexpr
    Feature record: CXX_FEATURE:1cxx_contextual_conversions
    Feature record: CXX_FEATURE:1cxx_decltype
    Feature record: CXX_FEATURE:1cxx_decltype_auto
    Feature record: CXX_FEATURE:1cxx_decltype_incomplete_return_types
    Feature record: CXX_FEATURE:1cxx_default_function_template_args
    Feature record: CXX_FEATURE:1cxx_defaulted_functions
    Feature record: CXX_FEATURE:1cxx_defaulted_move_initializers
    Feature record: CXX_FEATURE:1cxx_delegating_constructors
    Feature record: CXX_FEATURE:1cxx_deleted_functions
    Feature record: CXX_FEATURE:1cxx_digit_separators
    Feature record: CXX_FEATURE:1cxx_enum_forward_declarations
    Feature record: CXX_FEATURE:1cxx_explicit_conversions
    Feature record: CXX_FEATURE:1cxx_extended_friend_declarations
    Feature record: CXX_FEATURE:1cxx_extern_templates
    Feature record: CXX_FEATURE:1cxx_final
    Feature record: CXX_FEATURE:1cxx_func_identifier
    Feature record: CXX_FEATURE:1cxx_generalized_initializers
    Feature record: CXX_FEATURE:1cxx_generic_lambdas
    Feature record: CXX_FEATURE:1cxx_inheriting_constructors
    Feature record: CXX_FEATURE:1cxx_inline_namespaces
    Feature record: CXX_FEATURE:1cxx_lambdas
    Feature record: CXX_FEATURE:1cxx_lambda_init_captures
    Feature record: CXX_FEATURE:1cxx_local_type_template_args
    Feature record: CXX_FEATURE:1cxx_long_long_type
    Feature record: CXX_FEATURE:1cxx_noexcept
    Feature record: CXX_FEATURE:1cxx_nonstatic_member_init
    Feature record: CXX_FEATURE:1cxx_nullptr
    Feature record: CXX_FEATURE:1cxx_override
    Feature record: CXX_FEATURE:1cxx_range_for
    Feature record: CXX_FEATURE:1cxx_raw_string_literals
    Feature record: CXX_FEATURE:1cxx_reference_qualified_functions
    Feature record: CXX_FEATURE:1cxx_relaxed_constexpr
    Feature record: CXX_FEATURE:1cxx_return_type_deduction
    Feature record: CXX_FEATURE:1cxx_right_angle_brackets
    Feature record: CXX_FEATURE:1cxx_rvalue_references
    Feature record: CXX_FEATURE:1cxx_sizeof_member
    Feature record: CXX_FEATURE:1cxx_static_assert
    Feature record: CXX_FEATURE:1cxx_strong_enums
    Feature record: CXX_FEATURE:1cxx_template_template_parameters
    Feature record: CXX_FEATURE:1cxx_thread_local
    Feature record: CXX_FEATURE:1cxx_trailing_return_types
    Feature record: CXX_FEATURE:1cxx_unicode_literals
    Feature record: CXX_FEATURE:1cxx_uniform_initialization
    Feature record: CXX_FEATURE:1cxx_unrestricted_unions
    Feature record: CXX_FEATURE:1cxx_user_literals
    Feature record: CXX_FEATURE:1cxx_variable_templates
    Feature record: CXX_FEATURE:1cxx_variadic_macros
    Feature record: CXX_FEATURE:1cxx_variadic_templates


Detecting CXX [-std=c++14] compiler features compiled with the following output:
Change Dir: /home/kevincybura/Desktop/c++/openbve2/cmake-build-release/CMakeFiles/CMakeTmp

Run Build Command:"/usr/bin/make" "cmTC_35693/fast"
/usr/bin/make -f CMakeFiles/cmTC_35693.dir/build.make CMakeFiles/cmTC_35693.dir/build
make[1]: Entering directory '/home/kevincybura/Desktop/c++/openbve2/cmake-build-release/CMakeFiles/CMakeTmp'
Building CXX object CMakeFiles/cmTC_35693.dir/feature_tests.cxx.o
/usr/bin/c++    -std=c++14 -o CMakeFiles/cmTC_35693.dir/feature_tests.cxx.o -c /home/kevincybura/Desktop/c++/openbve2/cmake-build-release/CMakeFiles/feature_tests.cxx
Linking CXX executable cmTC_35693
/home/kevincybura/Desktop/clion-2018.1.3/bin/cmake/bin/cmake -E cmake_link_script CMakeFiles/cmTC_35693.dir/link.txt --verbose=1
/usr/bin/c++       CMakeFiles/cmTC_35693.dir/feature_tests.cxx.o  -o cmTC_35693 
make[1]: Leaving directory '/home/kevincybura/Desktop/c++/openbve2/cmake-build-release/CMakeFiles/CMakeTmp'


    Feature record: CXX_FEATURE:1cxx_aggregate_default_initializers
    Feature record: CXX_FEATURE:1cxx_alias_templates
    Feature record: CXX_FEATURE:1cxx_alignas
    Feature record: CXX_FEATURE:1cxx_alignof
    Feature record: CXX_FEATURE:1cxx_attributes
    Feature record: CXX_FEATURE:1cxx_attribute_deprecated
    Feature record: CXX_FEATURE:1cxx_auto_type
    Feature record: CXX_FEATURE:1cxx_binary_literals
    Feature record: CXX_FEATURE:1cxx_constexpr
    Feature record: CXX_FEATURE:1cxx_contextual_conversions
    Feature record: CXX_FEATURE:1cxx_decltype
    Feature record: CXX_FEATURE:1cxx_decltype_auto
    Feature record: CXX_FEATURE:1cxx_decltype_incomplete_return_types
    Feature record: CXX_FEATURE:1cxx_default_function_template_args
    Feature record: CXX_FEATURE:1cxx_defaulted_functions
    Feature record: CXX_FEATURE:1cxx_defaulted_move_initializers
    Feature record: CXX_FEATURE:1cxx_delegating_constructors
    Feature record: CXX_FEATURE:1cxx_deleted_functions
    Feature record: CXX_FEATURE:1cxx_digit_separators
    Feature record: CXX_FEATURE:1cxx_enum_forward_declarations
    Feature record: CXX_FEATURE:1cxx_explicit_conversions
    Feature record: CXX_FEATURE:1cxx_extended_friend_declarations
    Feature record: CXX_FEATURE:1cxx_extern_templates
    Feature record: CXX_FEATURE:1cxx_final
    Feature record: CXX_FEATURE:1cxx_func_identifier
    Feature record: CXX_FEATURE:1cxx_generalized_initializers
    Feature record: CXX_FEATURE:1cxx_generic_lambdas
    Feature record: CXX_FEATURE:1cxx_inheriting_constructors
    Feature record: CXX_FEATURE:1cxx_inline_namespaces
    Feature record: CXX_FEATURE:1cxx_lambdas
    Feature record: CXX_FEATURE:1cxx_lambda_init_captures
    Feature record: CXX_FEATURE:1cxx_local_type_template_args
    Feature record: CXX_FEATURE:1cxx_long_long_type
    Feature record: CXX_FEATURE:1cxx_noexcept
    Feature record: CXX_FEATURE:1cxx_nonstatic_member_init
    Feature record: CXX_FEATURE:1cxx_nullptr
    Feature record: CXX_FEATURE:1cxx_override
    Feature record: CXX_FEATURE:1cxx_range_for
    Feature record: CXX_FEATURE:1cxx_raw_string_literals
    Feature record: CXX_FEATURE:1cxx_reference_qualified_functions
    Feature record: CXX_FEATURE:1cxx_relaxed_constexpr
    Feature record: CXX_FEATURE:1cxx_return_type_deduction
    Feature record: CXX_FEATURE:1cxx_right_angle_brackets
    Feature record: CXX_FEATURE:1cxx_rvalue_references
    Feature record: CXX_FEATURE:1cxx_sizeof_member
    Feature record: CXX_FEATURE:1cxx_static_assert
    Feature record: CXX_FEATURE:1cxx_strong_enums
    Feature record: CXX_FEATURE:1cxx_template_template_parameters
    Feature record: CXX_FEATURE:1cxx_thread_local
    Feature record: CXX_FEATURE:1cxx_trailing_return_types
    Feature record: CXX_FEATURE:1cxx_unicode_literals
    Feature record: CXX_FEATURE:1cxx_uniform_initialization
    Feature record: CXX_FEATURE:1cxx_unrestricted_unions
    Feature record: CXX_FEATURE:1cxx_user_literals
    Feature record: CXX_FEATURE:1cxx_variable_templates
    Feature record: CXX_FEATURE:1cxx_variadic_macros
    Feature record: CXX_FEATURE:1cxx_variadic_templates


Detecting CXX [-std=c++11] compiler features compiled with the following output:
Change Dir: /home/kevincybura/Desktop/c++/openbve2/cmake-build-release/CMakeFiles/CMakeTmp

Run Build Command:"/usr/bin/make" "cmTC_0e180/fast"
/usr/bin/make -f CMakeFiles/cmTC_0e180.dir/build.make CMakeFiles/cmTC_0e180.dir/build
make[1]: Entering directory '/home/kevincybura/Desktop/c++/openbve2/cmake-build-release/CMakeFiles/CMakeTmp'
Building CXX object CMakeFiles/cmTC_0e180.dir/feature_tests.cxx.o
/usr/bin/c++    -std=c++11 -o CMakeFiles/cmTC_0e180.dir/feature_tests.cxx.o -c /home/kevincybura/Desktop/c++/openbve2/cmake-build-release/CMakeFiles/feature_tests.cxx
Linking CXX executable cmTC_0e180
/home/kevincybura/Desktop/clion-2018.1.3/bin/cmake/bin/cmake -E cmake_link_script CMakeFiles/cmTC_0e180.dir/link.txt --verbose=1
/usr/bin/c++       CMakeFiles/cmTC_0e180.dir/feature_tests.cxx.o  -o cmTC_0e180 
make[1]: Leaving directory '/home/kevincybura/Desktop/c++/openbve2/cmake-build-release/CMakeFiles/CMakeTmp'


    Feature record: CXX_FEATURE:0cxx_aggregate_default_initializers
    Feature record: CXX_FEATURE:1cxx_alias_templates
    Feature record: CXX_FEATURE:1cxx_alignas
    Feature record: CXX_FEATURE:1cxx_alignof
    Feature record: CXX_FEATURE:1cxx_attributes
    Feature record: CXX_FEATURE:0cxx_attribute_deprecated
    Feature record: CXX_FEATURE:1cxx_auto_type
    Feature record: CXX_FEATURE:0cxx_binary_literals
    Feature record: CXX_FEATURE:1cxx_constexpr
    Feature record: CXX_FEATURE:0cxx_contextual_conversions
    Feature record: CXX_FEATURE:1cxx_decltype
    Feature record: CXX_FEATURE:0cxx_decltype_auto
    Feature record: CXX_FEATURE:1cxx_decltype_incomplete_return_types
    Feature record: CXX_FEATURE:1cxx_default_function_template_args
    Feature record: CXX_FEATURE:1cxx_defaulted_functions
    Feature record: CXX_FEATURE:1cxx_defaulted_move_initializers
    Feature record: CXX_FEATURE:1cxx_delegating_constructors
    Feature record: CXX_FEATURE:1cxx_deleted_functions
    Feature record: CXX_FEATURE:0cxx_digit_separators
    Feature record: CXX_FEATURE:1cxx_enum_forward_declarations
    Feature record: CXX_FEATURE:1cxx_explicit_conversions
    Feature record: CXX_FEATURE:1cxx_extended_friend_declarations
    Feature record: CXX_FEATURE:1cxx_extern_templates
    Feature record: CXX_FEATURE:1cxx_final
    Feature record: CXX_FEATURE:1cxx_func_identifier
    Feature record: CXX_FEATURE:1cxx_generalized_initializers
    Feature record: CXX_FEATURE:0cxx_generic_lambdas
    Feature record: CXX_FEATURE:1cxx_inheriting_constructors
    Feature record: CXX_FEATURE:1cxx_inline_namespaces
    Feature record: CXX_FEATURE:1cxx_lambdas
    Feature record: CXX_FEATURE:0cxx_lambda_init_captures
    Feature record: CXX_FEATURE:1cxx_local_type_template_args
    Feature record: CXX_FEATURE:1cxx_long_long_type
    Feature record: CXX_FEATURE:1cxx_noexcept
    Feature record: CXX_FEATURE:1cxx_nonstatic_member_init
    Feature record: CXX_FEATURE:1cxx_nullptr
    Feature record: CXX_FEATURE:1cxx_override
    Feature record: CXX_FEATURE:1cxx_range_for
    Feature record: CXX_FEATURE:1cxx_raw_string_literals
    Feature record: CXX_FEATURE:1cxx_reference_qualified_functions
    Feature record: CXX_FEATURE:0cxx_relaxed_constexpr
    Feature record: CXX_FEATURE:0cxx_return_type_deduction
    Feature record: CXX_FEATURE:1cxx_right_angle_brackets
    Feature record: CXX_FEATURE:1cxx_rvalue_references
    Feature record: CXX_FEATURE:1cxx_sizeof_member
    Feature record: CXX_FEATURE:1cxx_static_assert
    Feature record: CXX_FEATURE:1cxx_strong_enums
    Feature record: CXX_FEATURE:1cxx_template_template_parameters
    Feature record: CXX_FEATURE:1cxx_thread_local
    Feature record: CXX_FEATURE:1cxx_trailing_return_types
    Feature record: CXX_FEATURE:1cxx_unicode_literals
    Feature record: CXX_FEATURE:1cxx_uniform_initialization
    Feature record: CXX_FEATURE:1cxx_unrestricted_unions
    Feature record: CXX_FEATURE:1cxx_user_literals
    Feature record: CXX_FEATURE:0cxx_variable_templates
    Feature record: CXX_FEATURE:1cxx_variadic_macros
    Feature record: CXX_FEATURE:1cxx_variadic_templates


Detecting CXX [-std=c++98] compiler features compiled with the following output:
Change Dir: /home/kevincybura/Desktop/c++/openbve2/cmake-build-release/CMakeFiles/CMakeTmp

Run Build Command:"/usr/bin/make" "cmTC_5f613/fast"
/usr/bin/make -f CMakeFiles/cmTC_5f613.dir/build.make CMakeFiles/cmTC_5f613.dir/build
make[1]: Entering directory '/home/kevincybura/Desktop/c++/openbve2/cmake-build-release/CMakeFiles/CMakeTmp'
Building CXX object CMakeFiles/cmTC_5f613.dir/feature_tests.cxx.o
/usr/bin/c++    -std=c++98 -o CMakeFiles/cmTC_5f613.dir/feature_tests.cxx.o -c /home/kevincybura/Desktop/c++/openbve2/cmake-build-release/CMakeFiles/feature_tests.cxx
Linking CXX executable cmTC_5f613
/home/kevincybura/Desktop/clion-2018.1.3/bin/cmake/bin/cmake -E cmake_link_script CMakeFiles/cmTC_5f613.dir/link.txt --verbose=1
/usr/bin/c++       CMakeFiles/cmTC_5f613.dir/feature_tests.cxx.o  -o cmTC_5f613 
make[1]: Leaving directory '/home/kevincybura/Desktop/c++/openbve2/cmake-build-release/CMakeFiles/CMakeTmp'


    Feature record: CXX_FEATURE:0cxx_aggregate_default_initializers
    Feature record: CXX_FEATURE:0cxx_alias_templates
    Feature record: CXX_FEATURE:0cxx_alignas
    Feature record: CXX_FEATURE:0cxx_alignof
    Feature record: CXX_FEATURE:0cxx_attributes
    Feature record: CXX_FEATURE:0cxx_attribute_deprecated
    Feature record: CXX_FEATURE:0cxx_auto_type
    Feature record: CXX_FEATURE:0cxx_binary_literals
    Feature record: CXX_FEATURE:0cxx_constexpr
    Feature record: CXX_FEATURE:0cxx_contextual_conversions
    Feature record: CXX_FEATURE:0cxx_decltype
    Feature record: CXX_FEATURE:0cxx_decltype_auto
    Feature record: CXX_FEATURE:0cxx_decltype_incomplete_return_types
    Feature record: CXX_FEATURE:0cxx_default_function_template_args
    Feature record: CXX_FEATURE:0cxx_defaulted_functions
    Feature record: CXX_FEATURE:0cxx_defaulted_move_initializers
    Feature record: CXX_FEATURE:0cxx_delegating_constructors
    Feature record: CXX_FEATURE:0cxx_deleted_functions
    Feature record: CXX_FEATURE:0cxx_digit_separators
    Feature record: CXX_FEATURE:0cxx_enum_forward_declarations
    Feature record: CXX_FEATURE:0cxx_explicit_conversions
    Feature record: CXX_FEATURE:0cxx_extended_friend_declarations
    Feature record: CXX_FEATURE:0cxx_extern_templates
    Feature record: CXX_FEATURE:0cxx_final
    Feature record: CXX_FEATURE:0cxx_func_identifier
    Feature record: CXX_FEATURE:0cxx_generalized_initializers
    Feature record: CXX_FEATURE:0cxx_generic_lambdas
    Feature record: CXX_FEATURE:0cxx_inheriting_constructors
    Feature record: CXX_FEATURE:0cxx_inline_namespaces
    Feature record: CXX_FEATURE:0cxx_lambdas
    Feature record: CXX_FEATURE:0cxx_lambda_init_captures
    Feature record: CXX_FEATURE:0cxx_local_type_template_args
    Feature record: CXX_FEATURE:0cxx_long_long_type
    Feature record: CXX_FEATURE:0cxx_noexcept
    Feature record: CXX_FEATURE:0cxx_nonstatic_member_init
    Feature record: CXX_FEATURE:0cxx_nullptr
    Feature record: CXX_FEATURE:0cxx_override
    Feature record: CXX_FEATURE:0cxx_range_for
    Feature record: CXX_FEATURE:0cxx_raw_string_literals
    Feature record: CXX_FEATURE:0cxx_reference_qualified_functions
    Feature record: CXX_FEATURE:0cxx_relaxed_constexpr
    Feature record: CXX_FEATURE:0cxx_return_type_deduction
    Feature record: CXX_FEATURE:0cxx_right_angle_brackets
    Feature record: CXX_FEATURE:0cxx_rvalue_references
    Feature record: CXX_FEATURE:0cxx_sizeof_member
    Feature record: CXX_FEATURE:0cxx_static_assert
    Feature record: CXX_FEATURE:0cxx_strong_enums
    Feature record: CXX_FEATURE:1cxx_template_template_parameters
    Feature record: CXX_FEATURE:0cxx_thread_local
    Feature record: CXX_FEATURE:0cxx_trailing_return_types
    Feature record: CXX_FEATURE:0cxx_unicode_literals
    Feature record: CXX_FEATURE:0cxx_uniform_initialization
    Feature record: CXX_FEATURE:0cxx_unrestricted_unions
    Feature record: CXX_FEATURE:0cxx_user_literals
    Feature record: CXX_FEATURE:0cxx_variable_templates
    Feature record: CXX_FEATURE:0cxx_variadic_macros
    Feature record: CXX_FEATURE:0cxx_variadic_templates
Determining if the include file pthread.h exists passed with the following output:
Change Dir: /home/kevincybura/Desktop/c++/openbve2/cmake-build-release/CMakeFiles/CMakeTmp

Run Build Command:"/usr/bin/make" "cmTC_e3752/fast"
/usr/bin/make -f CMakeFiles/cmTC_e3752.dir/build.make CMakeFiles/cmTC_e3752.dir/build
make[1]: Entering directory '/home/kevincybura/Desktop/c++/openbve2/cmake-build-release/CMakeFiles/CMakeTmp'
Building CXX object CMakeFiles/cmTC_e3752.dir/CheckIncludeFile.cxx.o
/usr/bin/c++    -std=c++14 -o CMakeFiles/cmTC_e3752.dir/CheckIncludeFile.cxx.o -c /home/kevincybura/Desktop/c++/openbve2/cmake-build-release/CMakeFiles/CMakeTmp/CheckIncludeFile.cxx
Linking CXX executable cmTC_e3752
/home/kevincybura/Desktop/clion-2018.1.3/bin/cmake/bin/cmake -E cmake_link_script CMakeFiles/cmTC_e3752.dir/link.txt --verbose=1
/usr/bin/c++       CMakeFiles/cmTC_e3752.dir/CheckIncludeFile.cxx.o  -o cmTC_e3752 
make[1]: Leaving directory '/home/kevincybura/Desktop/c++/openbve2/cmake-build-release/CMakeFiles/CMakeTmp'


Determining if the function pthread_create exists in the pthread passed with the following output:
Change Dir: /home/kevincybura/Desktop/c++/openbve2/cmake-build-release/CMakeFiles/CMakeTmp

Run Build Command:"/usr/bin/make" "cmTC_999c6/fast"
/usr/bin/make -f CMakeFiles/cmTC_999c6.dir/build.make CMakeFiles/cmTC_999c6.dir/build
make[1]: Entering directory '/home/kevincybura/Desktop/c++/openbve2/cmake-build-release/CMakeFiles/CMakeTmp'
Building CXX object CMakeFiles/cmTC_999c6.dir/CheckFunctionExists.cxx.o
/usr/bin/c++    -DCHECK_FUNCTION_EXISTS=pthread_create   -std=c++14 -o CMakeFiles/cmTC_999c6.dir/CheckFunctionExists.cxx.o -c /home/kevincybura/Desktop/c++/openbve2/cmake-build-release/CMakeFiles/CheckLibraryExists/CheckFunctionExists.cxx
Linking CXX executable cmTC_999c6
/home/kevincybura/Desktop/clion-2018.1.3/bin/cmake/bin/cmake -E cmake_link_script CMakeFiles/cmTC_999c6.dir/link.txt --verbose=1
/usr/bin/c++   -DCHECK_FUNCTION_EXISTS=pthread_create    CMakeFiles/cmTC_999c6.dir/CheckFunctionExists.cxx.o  -o cmTC_999c6 -lpthread 
make[1]: Leaving directory '/home/kevincybura/Desktop/c++/openbve2/cmake-build-release/CMakeFiles/CMakeTmp'


Performing C++ SOURCE FILE Test ld_lld succeeded with the following output:
Change Dir: /home/kevincybura/Desktop/c++/openbve2/cmake-build-release/CMakeFiles/CMakeTmp

Run Build Command:"/usr/bin/make" "cmTC_5f52e/fast"
/usr/bin/make -f CMakeFiles/cmTC_5f52e.dir/build.make CMakeFiles/cmTC_5f52e.dir/build
make[1]: Entering directory '/home/kevincybura/Desktop/c++/openbve2/cmake-build-release/CMakeFiles/CMakeTmp'
Building CXX object CMakeFiles/cmTC_5f52e.dir/src.cxx.o
/usr/bin/c++    -Dld_lld   -fuse-ld=lld -std=c++14 -o CMakeFiles/cmTC_5f52e.dir/src.cxx.o -c /home/kevincybura/Desktop/c++/openbve2/cmake-build-release/CMakeFiles/CMakeTmp/src.cxx
Linking CXX executable cmTC_5f52e
/home/kevincybura/Desktop/clion-2018.1.3/bin/cmake/bin/cmake -E cmake_link_script CMakeFiles/cmTC_5f52e.dir/link.txt --verbose=1
/usr/bin/c++   -Dld_lld    CMakeFiles/cmTC_5f52e.dir/src.cxx.o  -o cmTC_5f52e 
make[1]: Leaving directory '/home/kevincybura/Desktop/c++/openbve2/cmake-build-release/CMakeFiles/CMakeTmp'

Source file was:
int main() { return 0; }
Performing C++ SOURCE FILE Test fdiagnostics_color succeeded with the following output:
Change Dir: /home/kevincybura/Desktop/c++/openbve2/cmake-build-release/CMakeFiles/CMakeTmp

Run Build Command:"/usr/bin/make" "cmTC_d9962/fast"
/usr/bin/make -f CMakeFiles/cmTC_d9962.dir/build.make CMakeFiles/cmTC_d9962.dir/build
make[1]: Entering directory '/home/kevincybura/Desktop/c++/openbve2/cmake-build-release/CMakeFiles/CMakeTmp'
Building CXX object CMakeFiles/cmTC_d9962.dir/src.cxx.o
/usr/bin/c++    -Dfdiagnostics_color   -fdiagnostics-color=always -std=c++14 -o CMakeFiles/cmTC_d9962.dir/src.cxx.o -c /home/kevincybura/Desktop/c++/openbve2/cmake-build-release/CMakeFiles/CMakeTmp/src.cxx
Linking CXX executable cmTC_d9962
/home/kevincybura/Desktop/clion-2018.1.3/bin/cmake/bin/cmake -E cmake_link_script CMakeFiles/cmTC_d9962.dir/link.txt --verbose=1
/usr/bin/c++   -Dfdiagnostics_color    CMakeFiles/cmTC_d9962.dir/src.cxx.o  -o cmTC_d9962 
make[1]: Leaving directory '/home/kevincybura/Desktop/c++/openbve2/cmake-build-release/CMakeFiles/CMakeTmp'

Source file was:
int main() { return 0; }
Performing C++ SOURCE FILE Test Wall succeeded with the following output:
Change Dir: /home/kevincybura/Desktop/c++/openbve2/cmake-build-release/CMakeFiles/CMakeTmp

Run Build Command:"/usr/bin/make" "cmTC_be13d/fast"
/usr/bin/make -f CMakeFiles/cmTC_be13d.dir/build.make CMakeFiles/cmTC_be13d.dir/build
make[1]: Entering directory '/home/kevincybura/Desktop/c++/openbve2/cmake-build-release/CMakeFiles/CMakeTmp'
Building CXX object CMakeFiles/cmTC_be13d.dir/src.cxx.o
/usr/bin/c++    -DWall   -Wall -std=c++14 -o CMakeFiles/cmTC_be13d.dir/src.cxx.o -c /home/kevincybura/Desktop/c++/openbve2/cmake-build-release/CMakeFiles/CMakeTmp/src.cxx
Linking CXX executable cmTC_be13d
/home/kevincybura/Desktop/clion-2018.1.3/bin/cmake/bin/cmake -E cmake_link_script CMakeFiles/cmTC_be13d.dir/link.txt --verbose=1
/usr/bin/c++   -DWall    CMakeFiles/cmTC_be13d.dir/src.cxx.o  -o cmTC_be13d 
make[1]: Leaving directory '/home/kevincybura/Desktop/c++/openbve2/cmake-build-release/CMakeFiles/CMakeTmp'

Source file was:
int main() { return 0; }
Performing C++ SOURCE FILE Test Wcast_align succeeded with the following output:
Change Dir: /home/kevincybura/Desktop/c++/openbve2/cmake-build-release/CMakeFiles/CMakeTmp

Run Build Command:"/usr/bin/make" "cmTC_34326/fast"
/usr/bin/make -f CMakeFiles/cmTC_34326.dir/build.make CMakeFiles/cmTC_34326.dir/build
make[1]: Entering directory '/home/kevincybura/Desktop/c++/openbve2/cmake-build-release/CMakeFiles/CMakeTmp'
Building CXX object CMakeFiles/cmTC_34326.dir/src.cxx.o
/usr/bin/c++    -DWcast_align   -Wcast-align -std=c++14 -o CMakeFiles/cmTC_34326.dir/src.cxx.o -c /home/kevincybura/Desktop/c++/openbve2/cmake-build-release/CMakeFiles/CMakeTmp/src.cxx
Linking CXX executable cmTC_34326
/home/kevincybura/Desktop/clion-2018.1.3/bin/cmake/bin/cmake -E cmake_link_script CMakeFiles/cmTC_34326.dir/link.txt --verbose=1
/usr/bin/c++   -DWcast_align    CMakeFiles/cmTC_34326.dir/src.cxx.o  -o cmTC_34326 
make[1]: Leaving directory '/home/kevincybura/Desktop/c++/openbve2/cmake-build-release/CMakeFiles/CMakeTmp'

Source file was:
int main() { return 0; }
Performing C++ SOURCE FILE Test Wcast_qual succeeded with the following output:
Change Dir: /home/kevincybura/Desktop/c++/openbve2/cmake-build-release/CMakeFiles/CMakeTmp

Run Build Command:"/usr/bin/make" "cmTC_30420/fast"
/usr/bin/make -f CMakeFiles/cmTC_30420.dir/build.make CMakeFiles/cmTC_30420.dir/build
make[1]: Entering directory '/home/kevincybura/Desktop/c++/openbve2/cmake-build-release/CMakeFiles/CMakeTmp'
Building CXX object CMakeFiles/cmTC_30420.dir/src.cxx.o
/usr/bin/c++    -DWcast_qual   -Wcast-qual -std=c++14 -o CMakeFiles/cmTC_30420.dir/src.cxx.o -c /home/kevincybura/Desktop/c++/openbve2/cmake-build-release/CMakeFiles/CMakeTmp/src.cxx
Linking CXX executable cmTC_30420
/home/kevincybura/Desktop/clion-2018.1.3/bin/cmake/bin/cmake -E cmake_link_script CMakeFiles/cmTC_30420.dir/link.txt --verbose=1
/usr/bin/c++   -DWcast_qual    CMakeFiles/cmTC_30420.dir/src.cxx.o  -o cmTC_30420 
make[1]: Leaving directory '/home/kevincybura/Desktop/c++/openbve2/cmake-build-release/CMakeFiles/CMakeTmp'

Source file was:
int main() { return 0; }
Performing C++ SOURCE FILE Test Wconversion succeeded with the following output:
Change Dir: /home/kevincybura/Desktop/c++/openbve2/cmake-build-release/CMakeFiles/CMakeTmp

Run Build Command:"/usr/bin/make" "cmTC_635f3/fast"
/usr/bin/make -f CMakeFiles/cmTC_635f3.dir/build.make CMakeFiles/cmTC_635f3.dir/build
make[1]: Entering directory '/home/kevincybura/Desktop/c++/openbve2/cmake-build-release/CMakeFiles/CMakeTmp'
Building CXX object CMakeFiles/cmTC_635f3.dir/src.cxx.o
/usr/bin/c++    -DWconversion   -Wconversion -std=c++14 -o CMakeFiles/cmTC_635f3.dir/src.cxx.o -c /home/kevincybura/Desktop/c++/openbve2/cmake-build-release/CMakeFiles/CMakeTmp/src.cxx
Linking CXX executable cmTC_635f3
/home/kevincybura/Desktop/clion-2018.1.3/bin/cmake/bin/cmake -E cmake_link_script CMakeFiles/cmTC_635f3.dir/link.txt --verbose=1
/usr/bin/c++   -DWconversion    CMakeFiles/cmTC_635f3.dir/src.cxx.o  -o cmTC_635f3 
make[1]: Leaving directory '/home/kevincybura/Desktop/c++/openbve2/cmake-build-release/CMakeFiles/CMakeTmp'

Source file was:
int main() { return 0; }
Performing C++ SOURCE FILE Test Wctor_dtor_privacy succeeded with the following output:
Change Dir: /home/kevincybura/Desktop/c++/openbve2/cmake-build-release/CMakeFiles/CMakeTmp

Run Build Command:"/usr/bin/make" "cmTC_a6724/fast"
/usr/bin/make -f CMakeFiles/cmTC_a6724.dir/build.make CMakeFiles/cmTC_a6724.dir/build
make[1]: Entering directory '/home/kevincybura/Desktop/c++/openbve2/cmake-build-release/CMakeFiles/CMakeTmp'
Building CXX object CMakeFiles/cmTC_a6724.dir/src.cxx.o
/usr/bin/c++    -DWctor_dtor_privacy   -Wctor-dtor-privacy -std=c++14 -o CMakeFiles/cmTC_a6724.dir/src.cxx.o -c /home/kevincybura/Desktop/c++/openbve2/cmake-build-release/CMakeFiles/CMakeTmp/src.cxx
Linking CXX executable cmTC_a6724
/home/kevincybura/Desktop/clion-2018.1.3/bin/cmake/bin/cmake -E cmake_link_script CMakeFiles/cmTC_a6724.dir/link.txt --verbose=1
/usr/bin/c++   -DWctor_dtor_privacy    CMakeFiles/cmTC_a6724.dir/src.cxx.o  -o cmTC_a6724 
make[1]: Leaving directory '/home/kevincybura/Desktop/c++/openbve2/cmake-build-release/CMakeFiles/CMakeTmp'

Source file was:
int main() { return 0; }
Performing C++ SOURCE FILE Test Wdisabled_optimization succeeded with the following output:
Change Dir: /home/kevincybura/Desktop/c++/openbve2/cmake-build-release/CMakeFiles/CMakeTmp

Run Build Command:"/usr/bin/make" "cmTC_6e168/fast"
/usr/bin/make -f CMakeFiles/cmTC_6e168.dir/build.make CMakeFiles/cmTC_6e168.dir/build
make[1]: Entering directory '/home/kevincybura/Desktop/c++/openbve2/cmake-build-release/CMakeFiles/CMakeTmp'
Building CXX object CMakeFiles/cmTC_6e168.dir/src.cxx.o
/usr/bin/c++    -DWdisabled_optimization   -Wdisabled-optimization -std=c++14 -o CMakeFiles/cmTC_6e168.dir/src.cxx.o -c /home/kevincybura/Desktop/c++/openbve2/cmake-build-release/CMakeFiles/CMakeTmp/src.cxx
Linking CXX executable cmTC_6e168
/home/kevincybura/Desktop/clion-2018.1.3/bin/cmake/bin/cmake -E cmake_link_script CMakeFiles/cmTC_6e168.dir/link.txt --verbose=1
/usr/bin/c++   -DWdisabled_optimization    CMakeFiles/cmTC_6e168.dir/src.cxx.o  -o cmTC_6e168 
make[1]: Leaving directory '/home/kevincybura/Desktop/c++/openbve2/cmake-build-release/CMakeFiles/CMakeTmp'

Source file was:
int main() { return 0; }
Performing C++ SOURCE FILE Test Wdouble_promotion succeeded with the following output:
Change Dir: /home/kevincybura/Desktop/c++/openbve2/cmake-build-release/CMakeFiles/CMakeTmp

Run Build Command:"/usr/bin/make" "cmTC_1dee5/fast"
/usr/bin/make -f CMakeFiles/cmTC_1dee5.dir/build.make CMakeFiles/cmTC_1dee5.dir/build
make[1]: Entering directory '/home/kevincybura/Desktop/c++/openbve2/cmake-build-release/CMakeFiles/CMakeTmp'
Building CXX object CMakeFiles/cmTC_1dee5.dir/src.cxx.o
/usr/bin/c++    -DWdouble_promotion   -Wdouble-promotion -std=c++14 -o CMakeFiles/cmTC_1dee5.dir/src.cxx.o -c /home/kevincybura/Desktop/c++/openbve2/cmake-build-release/CMakeFiles/CMakeTmp/src.cxx
Linking CXX executable cmTC_1dee5
/home/kevincybura/Desktop/clion-2018.1.3/bin/cmake/bin/cmake -E cmake_link_script CMakeFiles/cmTC_1dee5.dir/link.txt --verbose=1
/usr/bin/c++   -DWdouble_promotion    CMakeFiles/cmTC_1dee5.dir/src.cxx.o  -o cmTC_1dee5 
make[1]: Leaving directory '/home/kevincybura/Desktop/c++/openbve2/cmake-build-release/CMakeFiles/CMakeTmp'

Source file was:
int main() { return 0; }
Performing C++ SOURCE FILE Test Wduplicated_branches succeeded with the following output:
Change Dir: /home/kevincybura/Desktop/c++/openbve2/cmake-build-release/CMakeFiles/CMakeTmp

Run Build Command:"/usr/bin/make" "cmTC_2eb55/fast"
/usr/bin/make -f CMakeFiles/cmTC_2eb55.dir/build.make CMakeFiles/cmTC_2eb55.dir/build
make[1]: Entering directory '/home/kevincybura/Desktop/c++/openbve2/cmake-build-release/CMakeFiles/CMakeTmp'
Building CXX object CMakeFiles/cmTC_2eb55.dir/src.cxx.o
/usr/bin/c++    -DWduplicated_branches   -Wduplicated-branches -std=c++14 -o CMakeFiles/cmTC_2eb55.dir/src.cxx.o -c /home/kevincybura/Desktop/c++/openbve2/cmake-build-release/CMakeFiles/CMakeTmp/src.cxx
Linking CXX executable cmTC_2eb55
/home/kevincybura/Desktop/clion-2018.1.3/bin/cmake/bin/cmake -E cmake_link_script CMakeFiles/cmTC_2eb55.dir/link.txt --verbose=1
/usr/bin/c++   -DWduplicated_branches    CMakeFiles/cmTC_2eb55.dir/src.cxx.o  -o cmTC_2eb55 
make[1]: Leaving directory '/home/kevincybura/Desktop/c++/openbve2/cmake-build-release/CMakeFiles/CMakeTmp'

Source file was:
int main() { return 0; }
Performing C++ SOURCE FILE Test Wduplicated_cond succeeded with the following output:
Change Dir: /home/kevincybura/Desktop/c++/openbve2/cmake-build-release/CMakeFiles/CMakeTmp

Run Build Command:"/usr/bin/make" "cmTC_0f17d/fast"
/usr/bin/make -f CMakeFiles/cmTC_0f17d.dir/build.make CMakeFiles/cmTC_0f17d.dir/build
make[1]: Entering directory '/home/kevincybura/Desktop/c++/openbve2/cmake-build-release/CMakeFiles/CMakeTmp'
Building CXX object CMakeFiles/cmTC_0f17d.dir/src.cxx.o
/usr/bin/c++    -DWduplicated_cond   -Wduplicated-cond -std=c++14 -o CMakeFiles/cmTC_0f17d.dir/src.cxx.o -c /home/kevincybura/Desktop/c++/openbve2/cmake-build-release/CMakeFiles/CMakeTmp/src.cxx
Linking CXX executable cmTC_0f17d
/home/kevincybura/Desktop/clion-2018.1.3/bin/cmake/bin/cmake -E cmake_link_script CMakeFiles/cmTC_0f17d.dir/link.txt --verbose=1
/usr/bin/c++   -DWduplicated_cond    CMakeFiles/cmTC_0f17d.dir/src.cxx.o  -o cmTC_0f17d 
make[1]: Leaving directory '/home/kevincybura/Desktop/c++/openbve2/cmake-build-release/CMakeFiles/CMakeTmp'

Source file was:
int main() { return 0; }
Performing C++ SOURCE FILE Test Wextra succeeded with the following output:
Change Dir: /home/kevincybura/Desktop/c++/openbve2/cmake-build-release/CMakeFiles/CMakeTmp

Run Build Command:"/usr/bin/make" "cmTC_603d1/fast"
/usr/bin/make -f CMakeFiles/cmTC_603d1.dir/build.make CMakeFiles/cmTC_603d1.dir/build
make[1]: Entering directory '/home/kevincybura/Desktop/c++/openbve2/cmake-build-release/CMakeFiles/CMakeTmp'
Building CXX object CMakeFiles/cmTC_603d1.dir/src.cxx.o
/usr/bin/c++    -DWextra   -Wextra -std=c++14 -o CMakeFiles/cmTC_603d1.dir/src.cxx.o -c /home/kevincybura/Desktop/c++/openbve2/cmake-build-release/CMakeFiles/CMakeTmp/src.cxx
Linking CXX executable cmTC_603d1
/home/kevincybura/Desktop/clion-2018.1.3/bin/cmake/bin/cmake -E cmake_link_script CMakeFiles/cmTC_603d1.dir/link.txt --verbose=1
/usr/bin/c++   -DWextra    CMakeFiles/cmTC_603d1.dir/src.cxx.o  -o cmTC_603d1 
make[1]: Leaving directory '/home/kevincybura/Desktop/c++/openbve2/cmake-build-release/CMakeFiles/CMakeTmp'

Source file was:
int main() { return 0; }
Performing C++ SOURCE FILE Test Wformat succeeded with the following output:
Change Dir: /home/kevincybura/Desktop/c++/openbve2/cmake-build-release/CMakeFiles/CMakeTmp

Run Build Command:"/usr/bin/make" "cmTC_24f89/fast"
/usr/bin/make -f CMakeFiles/cmTC_24f89.dir/build.make CMakeFiles/cmTC_24f89.dir/build
make[1]: Entering directory '/home/kevincybura/Desktop/c++/openbve2/cmake-build-release/CMakeFiles/CMakeTmp'
Building CXX object CMakeFiles/cmTC_24f89.dir/src.cxx.o
/usr/bin/c++    -DWformat   -Wformat=2 -std=c++14 -o CMakeFiles/cmTC_24f89.dir/src.cxx.o -c /home/kevincybura/Desktop/c++/openbve2/cmake-build-release/CMakeFiles/CMakeTmp/src.cxx
Linking CXX executable cmTC_24f89
/home/kevincybura/Desktop/clion-2018.1.3/bin/cmake/bin/cmake -E cmake_link_script CMakeFiles/cmTC_24f89.dir/link.txt --verbose=1
/usr/bin/c++   -DWformat    CMakeFiles/cmTC_24f89.dir/src.cxx.o  -o cmTC_24f89 
make[1]: Leaving directory '/home/kevincybura/Desktop/c++/openbve2/cmake-build-release/CMakeFiles/CMakeTmp'

Source file was:
int main() { return 0; }
Performing C++ SOURCE FILE Test Winit_self succeeded with the following output:
Change Dir: /home/kevincybura/Desktop/c++/openbve2/cmake-build-release/CMakeFiles/CMakeTmp

Run Build Command:"/usr/bin/make" "cmTC_a31a7/fast"
/usr/bin/make -f CMakeFiles/cmTC_a31a7.dir/build.make CMakeFiles/cmTC_a31a7.dir/build
make[1]: Entering directory '/home/kevincybura/Desktop/c++/openbve2/cmake-build-release/CMakeFiles/CMakeTmp'
Building CXX object CMakeFiles/cmTC_a31a7.dir/src.cxx.o
/usr/bin/c++    -DWinit_self   -Winit-self -std=c++14 -o CMakeFiles/cmTC_a31a7.dir/src.cxx.o -c /home/kevincybura/Desktop/c++/openbve2/cmake-build-release/CMakeFiles/CMakeTmp/src.cxx
Linking CXX executable cmTC_a31a7
/home/kevincybura/Desktop/clion-2018.1.3/bin/cmake/bin/cmake -E cmake_link_script CMakeFiles/cmTC_a31a7.dir/link.txt --verbose=1
/usr/bin/c++   -DWinit_self    CMakeFiles/cmTC_a31a7.dir/src.cxx.o  -o cmTC_a31a7 
make[1]: Leaving directory '/home/kevincybura/Desktop/c++/openbve2/cmake-build-release/CMakeFiles/CMakeTmp'

Source file was:
int main() { return 0; }
Performing C++ SOURCE FILE Test Wlogical_op succeeded with the following output:
Change Dir: /home/kevincybura/Desktop/c++/openbve2/cmake-build-release/CMakeFiles/CMakeTmp

Run Build Command:"/usr/bin/make" "cmTC_90b6a/fast"
/usr/bin/make -f CMakeFiles/cmTC_90b6a.dir/build.make CMakeFiles/cmTC_90b6a.dir/build
make[1]: Entering directory '/home/kevincybura/Desktop/c++/openbve2/cmake-build-release/CMakeFiles/CMakeTmp'
Building CXX object CMakeFiles/cmTC_90b6a.dir/src.cxx.o
/usr/bin/c++    -DWlogical_op   -Wlogical-op -std=c++14 -o CMakeFiles/cmTC_90b6a.dir/src.cxx.o -c /home/kevincybura/Desktop/c++/openbve2/cmake-build-release/CMakeFiles/CMakeTmp/src.cxx
Linking CXX executable cmTC_90b6a
/home/kevincybura/Desktop/clion-2018.1.3/bin/cmake/bin/cmake -E cmake_link_script CMakeFiles/cmTC_90b6a.dir/link.txt --verbose=1
/usr/bin/c++   -DWlogical_op    CMakeFiles/cmTC_90b6a.dir/src.cxx.o  -o cmTC_90b6a 
make[1]: Leaving directory '/home/kevincybura/Desktop/c++/openbve2/cmake-build-release/CMakeFiles/CMakeTmp'

Source file was:
int main() { return 0; }
Performing C++ SOURCE FILE Test Wno_gnu_zero_variadic_macro_arguments succeeded with the following output:
Change Dir: /home/kevincybura/Desktop/c++/openbve2/cmake-build-release/CMakeFiles/CMakeTmp

Run Build Command:"/usr/bin/make" "cmTC_4476d/fast"
/usr/bin/make -f CMakeFiles/cmTC_4476d.dir/build.make CMakeFiles/cmTC_4476d.dir/build
make[1]: Entering directory '/home/kevincybura/Desktop/c++/openbve2/cmake-build-release/CMakeFiles/CMakeTmp'
Building CXX object CMakeFiles/cmTC_4476d.dir/src.cxx.o
/usr/bin/c++    -DWno_gnu_zero_variadic_macro_arguments   -Wno-gnu-zero-variadic-macro-arguments -std=c++14 -o CMakeFiles/cmTC_4476d.dir/src.cxx.o -c /home/kevincybura/Desktop/c++/openbve2/cmake-build-release/CMakeFiles/CMakeTmp/src.cxx
Linking CXX executable cmTC_4476d
/home/kevincybura/Desktop/clion-2018.1.3/bin/cmake/bin/cmake -E cmake_link_script CMakeFiles/cmTC_4476d.dir/link.txt --verbose=1
/usr/bin/c++   -DWno_gnu_zero_variadic_macro_arguments    CMakeFiles/cmTC_4476d.dir/src.cxx.o  -o cmTC_4476d 
make[1]: Leaving directory '/home/kevincybura/Desktop/c++/openbve2/cmake-build-release/CMakeFiles/CMakeTmp'

Source file was:
int main() { return 0; }
Performing C++ SOURCE FILE Test Wmissing_include_dirs succeeded with the following output:
Change Dir: /home/kevincybura/Desktop/c++/openbve2/cmake-build-release/CMakeFiles/CMakeTmp

Run Build Command:"/usr/bin/make" "cmTC_2ba4e/fast"
/usr/bin/make -f CMakeFiles/cmTC_2ba4e.dir/build.make CMakeFiles/cmTC_2ba4e.dir/build
make[1]: Entering directory '/home/kevincybura/Desktop/c++/openbve2/cmake-build-release/CMakeFiles/CMakeTmp'
Building CXX object CMakeFiles/cmTC_2ba4e.dir/src.cxx.o
/usr/bin/c++    -DWmissing_include_dirs   -Wmissing-include-dirs -std=c++14 -o CMakeFiles/cmTC_2ba4e.dir/src.cxx.o -c /home/kevincybura/Desktop/c++/openbve2/cmake-build-release/CMakeFiles/CMakeTmp/src.cxx
Linking CXX executable cmTC_2ba4e
/home/kevincybura/Desktop/clion-2018.1.3/bin/cmake/bin/cmake -E cmake_link_script CMakeFiles/cmTC_2ba4e.dir/link.txt --verbose=1
/usr/bin/c++   -DWmissing_include_dirs    CMakeFiles/cmTC_2ba4e.dir/src.cxx.o  -o cmTC_2ba4e 
make[1]: Leaving directory '/home/kevincybura/Desktop/c++/openbve2/cmake-build-release/CMakeFiles/CMakeTmp'

Source file was:
int main() { return 0; }
Performing C++ SOURCE FILE Test Wno_sign_conversion succeeded with the following output:
Change Dir: /home/kevincybura/Desktop/c++/openbve2/cmake-build-release/CMakeFiles/CMakeTmp

Run Build Command:"/usr/bin/make" "cmTC_c4c6f/fast"
/usr/bin/make -f CMakeFiles/cmTC_c4c6f.dir/build.make CMakeFiles/cmTC_c4c6f.dir/build
make[1]: Entering directory '/home/kevincybura/Desktop/c++/openbve2/cmake-build-release/CMakeFiles/CMakeTmp'
Building CXX object CMakeFiles/cmTC_c4c6f.dir/src.cxx.o
/usr/bin/c++    -DWno_sign_conversion   -Wno-sign-conversion -std=c++14 -o CMakeFiles/cmTC_c4c6f.dir/src.cxx.o -c /home/kevincybura/Desktop/c++/openbve2/cmake-build-release/CMakeFiles/CMakeTmp/src.cxx
Linking CXX executable cmTC_c4c6f
/home/kevincybura/Desktop/clion-2018.1.3/bin/cmake/bin/cmake -E cmake_link_script CMakeFiles/cmTC_c4c6f.dir/link.txt --verbose=1
/usr/bin/c++   -DWno_sign_conversion    CMakeFiles/cmTC_c4c6f.dir/src.cxx.o  -o cmTC_c4c6f 
make[1]: Leaving directory '/home/kevincybura/Desktop/c++/openbve2/cmake-build-release/CMakeFiles/CMakeTmp'

Source file was:
int main() { return 0; }
Performing C++ SOURCE FILE Test Wnoexcept succeeded with the following output:
Change Dir: /home/kevincybura/Desktop/c++/openbve2/cmake-build-release/CMakeFiles/CMakeTmp

Run Build Command:"/usr/bin/make" "cmTC_f196e/fast"
/usr/bin/make -f CMakeFiles/cmTC_f196e.dir/build.make CMakeFiles/cmTC_f196e.dir/build
make[1]: Entering directory '/home/kevincybura/Desktop/c++/openbve2/cmake-build-release/CMakeFiles/CMakeTmp'
Building CXX object CMakeFiles/cmTC_f196e.dir/src.cxx.o
/usr/bin/c++    -DWnoexcept   -Wnoexcept -std=c++14 -o CMakeFiles/cmTC_f196e.dir/src.cxx.o -c /home/kevincybura/Desktop/c++/openbve2/cmake-build-release/CMakeFiles/CMakeTmp/src.cxx
Linking CXX executable cmTC_f196e
/home/kevincybura/Desktop/clion-2018.1.3/bin/cmake/bin/cmake -E cmake_link_script CMakeFiles/cmTC_f196e.dir/link.txt --verbose=1
/usr/bin/c++   -DWnoexcept    CMakeFiles/cmTC_f196e.dir/src.cxx.o  -o cmTC_f196e 
make[1]: Leaving directory '/home/kevincybura/Desktop/c++/openbve2/cmake-build-release/CMakeFiles/CMakeTmp'

Source file was:
int main() { return 0; }
Performing C++ SOURCE FILE Test Wnull_dereference succeeded with the following output:
Change Dir: /home/kevincybura/Desktop/c++/openbve2/cmake-build-release/CMakeFiles/CMakeTmp

Run Build Command:"/usr/bin/make" "cmTC_5661d/fast"
/usr/bin/make -f CMakeFiles/cmTC_5661d.dir/build.make CMakeFiles/cmTC_5661d.dir/build
make[1]: Entering directory '/home/kevincybura/Desktop/c++/openbve2/cmake-build-release/CMakeFiles/CMakeTmp'
Building CXX object CMakeFiles/cmTC_5661d.dir/src.cxx.o
/usr/bin/c++    -DWnull_dereference   -Wnull-dereference -std=c++14 -o CMakeFiles/cmTC_5661d.dir/src.cxx.o -c /home/kevincybura/Desktop/c++/openbve2/cmake-build-release/CMakeFiles/CMakeTmp/src.cxx
Linking CXX executable cmTC_5661d
/home/kevincybura/Desktop/clion-2018.1.3/bin/cmake/bin/cmake -E cmake_link_script CMakeFiles/cmTC_5661d.dir/link.txt --verbose=1
/usr/bin/c++   -DWnull_dereference    CMakeFiles/cmTC_5661d.dir/src.cxx.o  -o cmTC_5661d 
make[1]: Leaving directory '/home/kevincybura/Desktop/c++/openbve2/cmake-build-release/CMakeFiles/CMakeTmp'

Source file was:
int main() { return 0; }
Performing C++ SOURCE FILE Test Wold_style_cast succeeded with the following output:
Change Dir: /home/kevincybura/Desktop/c++/openbve2/cmake-build-release/CMakeFiles/CMakeTmp

Run Build Command:"/usr/bin/make" "cmTC_272c2/fast"
/usr/bin/make -f CMakeFiles/cmTC_272c2.dir/build.make CMakeFiles/cmTC_272c2.dir/build
make[1]: Entering directory '/home/kevincybura/Desktop/c++/openbve2/cmake-build-release/CMakeFiles/CMakeTmp'
Building CXX object CMakeFiles/cmTC_272c2.dir/src.cxx.o
/usr/bin/c++    -DWold_style_cast   -Wold-style-cast -std=c++14 -o CMakeFiles/cmTC_272c2.dir/src.cxx.o -c /home/kevincybura/Desktop/c++/openbve2/cmake-build-release/CMakeFiles/CMakeTmp/src.cxx
Linking CXX executable cmTC_272c2
/home/kevincybura/Desktop/clion-2018.1.3/bin/cmake/bin/cmake -E cmake_link_script CMakeFiles/cmTC_272c2.dir/link.txt --verbose=1
/usr/bin/c++   -DWold_style_cast    CMakeFiles/cmTC_272c2.dir/src.cxx.o  -o cmTC_272c2 
make[1]: Leaving directory '/home/kevincybura/Desktop/c++/openbve2/cmake-build-release/CMakeFiles/CMakeTmp'

Source file was:
int main() { return 0; }
Performing C++ SOURCE FILE Test Woverloaded_virtual succeeded with the following output:
Change Dir: /home/kevincybura/Desktop/c++/openbve2/cmake-build-release/CMakeFiles/CMakeTmp

Run Build Command:"/usr/bin/make" "cmTC_051f1/fast"
/usr/bin/make -f CMakeFiles/cmTC_051f1.dir/build.make CMakeFiles/cmTC_051f1.dir/build
make[1]: Entering directory '/home/kevincybura/Desktop/c++/openbve2/cmake-build-release/CMakeFiles/CMakeTmp'
Building CXX object CMakeFiles/cmTC_051f1.dir/src.cxx.o
/usr/bin/c++    -DWoverloaded_virtual   -Woverloaded-virtual -std=c++14 -o CMakeFiles/cmTC_051f1.dir/src.cxx.o -c /home/kevincybura/Desktop/c++/openbve2/cmake-build-release/CMakeFiles/CMakeTmp/src.cxx
Linking CXX executable cmTC_051f1
/home/kevincybura/Desktop/clion-2018.1.3/bin/cmake/bin/cmake -E cmake_link_script CMakeFiles/cmTC_051f1.dir/link.txt --verbose=1
/usr/bin/c++   -DWoverloaded_virtual    CMakeFiles/cmTC_051f1.dir/src.cxx.o  -o cmTC_051f1 
make[1]: Leaving directory '/home/kevincybura/Desktop/c++/openbve2/cmake-build-release/CMakeFiles/CMakeTmp'

Source file was:
int main() { return 0; }
Performing C++ SOURCE FILE Test Wpedantic succeeded with the following output:
Change Dir: /home/kevincybura/Desktop/c++/openbve2/cmake-build-release/CMakeFiles/CMakeTmp

Run Build Command:"/usr/bin/make" "cmTC_d437f/fast"
/usr/bin/make -f CMakeFiles/cmTC_d437f.dir/build.make CMakeFiles/cmTC_d437f.dir/build
make[1]: Entering directory '/home/kevincybura/Desktop/c++/openbve2/cmake-build-release/CMakeFiles/CMakeTmp'
Building CXX object CMakeFiles/cmTC_d437f.dir/src.cxx.o
/usr/bin/c++    -DWpedantic   -Wpedantic -std=c++14 -o CMakeFiles/cmTC_d437f.dir/src.cxx.o -c /home/kevincybura/Desktop/c++/openbve2/cmake-build-release/CMakeFiles/CMakeTmp/src.cxx
Linking CXX executable cmTC_d437f
/home/kevincybura/Desktop/clion-2018.1.3/bin/cmake/bin/cmake -E cmake_link_script CMakeFiles/cmTC_d437f.dir/link.txt --verbose=1
/usr/bin/c++   -DWpedantic    CMakeFiles/cmTC_d437f.dir/src.cxx.o  -o cmTC_d437f 
make[1]: Leaving directory '/home/kevincybura/Desktop/c++/openbve2/cmake-build-release/CMakeFiles/CMakeTmp'

Source file was:
int main() { return 0; }
Performing C++ SOURCE FILE Test Wrestrict succeeded with the following output:
Change Dir: /home/kevincybura/Desktop/c++/openbve2/cmake-build-release/CMakeFiles/CMakeTmp

Run Build Command:"/usr/bin/make" "cmTC_c5b41/fast"
/usr/bin/make -f CMakeFiles/cmTC_c5b41.dir/build.make CMakeFiles/cmTC_c5b41.dir/build
make[1]: Entering directory '/home/kevincybura/Desktop/c++/openbve2/cmake-build-release/CMakeFiles/CMakeTmp'
Building CXX object CMakeFiles/cmTC_c5b41.dir/src.cxx.o
/usr/bin/c++    -DWrestrict   -Wrestrict -std=c++14 -o CMakeFiles/cmTC_c5b41.dir/src.cxx.o -c /home/kevincybura/Desktop/c++/openbve2/cmake-build-release/CMakeFiles/CMakeTmp/src.cxx
Linking CXX executable cmTC_c5b41
/home/kevincybura/Desktop/clion-2018.1.3/bin/cmake/bin/cmake -E cmake_link_script CMakeFiles/cmTC_c5b41.dir/link.txt --verbose=1
/usr/bin/c++   -DWrestrict    CMakeFiles/cmTC_c5b41.dir/src.cxx.o  -o cmTC_c5b41 
make[1]: Leaving directory '/home/kevincybura/Desktop/c++/openbve2/cmake-build-release/CMakeFiles/CMakeTmp'

Source file was:
int main() { return 0; }
Performing C++ SOURCE FILE Test Wshadow succeeded with the following output:
Change Dir: /home/kevincybura/Desktop/c++/openbve2/cmake-build-release/CMakeFiles/CMakeTmp

Run Build Command:"/usr/bin/make" "cmTC_3d21b/fast"
/usr/bin/make -f CMakeFiles/cmTC_3d21b.dir/build.make CMakeFiles/cmTC_3d21b.dir/build
make[1]: Entering directory '/home/kevincybura/Desktop/c++/openbve2/cmake-build-release/CMakeFiles/CMakeTmp'
Building CXX object CMakeFiles/cmTC_3d21b.dir/src.cxx.o
/usr/bin/c++    -DWshadow   -Wshadow -std=c++14 -o CMakeFiles/cmTC_3d21b.dir/src.cxx.o -c /home/kevincybura/Desktop/c++/openbve2/cmake-build-release/CMakeFiles/CMakeTmp/src.cxx
Linking CXX executable cmTC_3d21b
/home/kevincybura/Desktop/clion-2018.1.3/bin/cmake/bin/cmake -E cmake_link_script CMakeFiles/cmTC_3d21b.dir/link.txt --verbose=1
/usr/bin/c++   -DWshadow    CMakeFiles/cmTC_3d21b.dir/src.cxx.o  -o cmTC_3d21b 
make[1]: Leaving directory '/home/kevincybura/Desktop/c++/openbve2/cmake-build-release/CMakeFiles/CMakeTmp'

Source file was:
int main() { return 0; }
Performing C++ SOURCE FILE Test Wstrict_aliasing succeeded with the following output:
Change Dir: /home/kevincybura/Desktop/c++/openbve2/cmake-build-release/CMakeFiles/CMakeTmp

Run Build Command:"/usr/bin/make" "cmTC_90ade/fast"
/usr/bin/make -f CMakeFiles/cmTC_90ade.dir/build.make CMakeFiles/cmTC_90ade.dir/build
make[1]: Entering directory '/home/kevincybura/Desktop/c++/openbve2/cmake-build-release/CMakeFiles/CMakeTmp'
Building CXX object CMakeFiles/cmTC_90ade.dir/src.cxx.o
/usr/bin/c++    -DWstrict_aliasing   -Wstrict-aliasing=1 -std=c++14 -o CMakeFiles/cmTC_90ade.dir/src.cxx.o -c /home/kevincybura/Desktop/c++/openbve2/cmake-build-release/CMakeFiles/CMakeTmp/src.cxx
Linking CXX executable cmTC_90ade
/home/kevincybura/Desktop/clion-2018.1.3/bin/cmake/bin/cmake -E cmake_link_script CMakeFiles/cmTC_90ade.dir/link.txt --verbose=1
/usr/bin/c++   -DWstrict_aliasing    CMakeFiles/cmTC_90ade.dir/src.cxx.o  -o cmTC_90ade 
make[1]: Leaving directory '/home/kevincybura/Desktop/c++/openbve2/cmake-build-release/CMakeFiles/CMakeTmp'

Source file was:
int main() { return 0; }
Performing C++ SOURCE FILE Test Wstrict_null_sentinel succeeded with the following output:
Change Dir: /home/kevincybura/Desktop/c++/openbve2/cmake-build-release/CMakeFiles/CMakeTmp

Run Build Command:"/usr/bin/make" "cmTC_07b77/fast"
/usr/bin/make -f CMakeFiles/cmTC_07b77.dir/build.make CMakeFiles/cmTC_07b77.dir/build
make[1]: Entering directory '/home/kevincybura/Desktop/c++/openbve2/cmake-build-release/CMakeFiles/CMakeTmp'
Building CXX object CMakeFiles/cmTC_07b77.dir/src.cxx.o
/usr/bin/c++    -DWstrict_null_sentinel   -Wstrict-null-sentinel -std=c++14 -o CMakeFiles/cmTC_07b77.dir/src.cxx.o -c /home/kevincybura/Desktop/c++/openbve2/cmake-build-release/CMakeFiles/CMakeTmp/src.cxx
Linking CXX executable cmTC_07b77
/home/kevincybura/Desktop/clion-2018.1.3/bin/cmake/bin/cmake -E cmake_link_script CMakeFiles/cmTC_07b77.dir/link.txt --verbose=1
/usr/bin/c++   -DWstrict_null_sentinel    CMakeFiles/cmTC_07b77.dir/src.cxx.o  -o cmTC_07b77 
make[1]: Leaving directory '/home/kevincybura/Desktop/c++/openbve2/cmake-build-release/CMakeFiles/CMakeTmp'

Source file was:
int main() { return 0; }
Performing C++ SOURCE FILE Test Wstrict_overflow succeeded with the following output:
Change Dir: /home/kevincybura/Desktop/c++/openbve2/cmake-build-release/CMakeFiles/CMakeTmp

Run Build Command:"/usr/bin/make" "cmTC_d9276/fast"
/usr/bin/make -f CMakeFiles/cmTC_d9276.dir/build.make CMakeFiles/cmTC_d9276.dir/build
make[1]: Entering directory '/home/kevincybura/Desktop/c++/openbve2/cmake-build-release/CMakeFiles/CMakeTmp'
Building CXX object CMakeFiles/cmTC_d9276.dir/src.cxx.o
/usr/bin/c++    -DWstrict_overflow   -Wstrict-overflow=2 -std=c++14 -o CMakeFiles/cmTC_d9276.dir/src.cxx.o -c /home/kevincybura/Desktop/c++/openbve2/cmake-build-release/CMakeFiles/CMakeTmp/src.cxx
Linking CXX executable cmTC_d9276
/home/kevincybura/Desktop/clion-2018.1.3/bin/cmake/bin/cmake -E cmake_link_script CMakeFiles/cmTC_d9276.dir/link.txt --verbose=1
/usr/bin/c++   -DWstrict_overflow    CMakeFiles/cmTC_d9276.dir/src.cxx.o  -o cmTC_d9276 
make[1]: Leaving directory '/home/kevincybura/Desktop/c++/openbve2/cmake-build-release/CMakeFiles/CMakeTmp'

Source file was:
int main() { return 0; }
Performing C++ SOURCE FILE Test Wswitch_default succeeded with the following output:
Change Dir: /home/kevincybura/Desktop/c++/openbve2/cmake-build-release/CMakeFiles/CMakeTmp

Run Build Command:"/usr/bin/make" "cmTC_ddadb/fast"
/usr/bin/make -f CMakeFiles/cmTC_ddadb.dir/build.make CMakeFiles/cmTC_ddadb.dir/build
make[1]: Entering directory '/home/kevincybura/Desktop/c++/openbve2/cmake-build-release/CMakeFiles/CMakeTmp'
Building CXX object CMakeFiles/cmTC_ddadb.dir/src.cxx.o
/usr/bin/c++    -DWswitch_default   -Wswitch-default -std=c++14 -o CMakeFiles/cmTC_ddadb.dir/src.cxx.o -c /home/kevincybura/Desktop/c++/openbve2/cmake-build-release/CMakeFiles/CMakeTmp/src.cxx
Linking CXX executable cmTC_ddadb
/home/kevincybura/Desktop/clion-2018.1.3/bin/cmake/bin/cmake -E cmake_link_script CMakeFiles/cmTC_ddadb.dir/link.txt --verbose=1
/usr/bin/c++   -DWswitch_default    CMakeFiles/cmTC_ddadb.dir/src.cxx.o  -o cmTC_ddadb 
make[1]: Leaving directory '/home/kevincybura/Desktop/c++/openbve2/cmake-build-release/CMakeFiles/CMakeTmp'

Source file was:
int main() { return 0; }
Performing C++ SOURCE FILE Test Wundef succeeded with the following output:
Change Dir: /home/kevincybura/Desktop/c++/openbve2/cmake-build-release/CMakeFiles/CMakeTmp

Run Build Command:"/usr/bin/make" "cmTC_58944/fast"
/usr/bin/make -f CMakeFiles/cmTC_58944.dir/build.make CMakeFiles/cmTC_58944.dir/build
make[1]: Entering directory '/home/kevincybura/Desktop/c++/openbve2/cmake-build-release/CMakeFiles/CMakeTmp'
Building CXX object CMakeFiles/cmTC_58944.dir/src.cxx.o
/usr/bin/c++    -DWundef   -Wundef -std=c++14 -o CMakeFiles/cmTC_58944.dir/src.cxx.o -c /home/kevincybura/Desktop/c++/openbve2/cmake-build-release/CMakeFiles/CMakeTmp/src.cxx
Linking CXX executable cmTC_58944
/home/kevincybura/Desktop/clion-2018.1.3/bin/cmake/bin/cmake -E cmake_link_script CMakeFiles/cmTC_58944.dir/link.txt --verbose=1
/usr/bin/c++   -DWundef    CMakeFiles/cmTC_58944.dir/src.cxx.o  -o cmTC_58944 
make[1]: Leaving directory '/home/kevincybura/Desktop/c++/openbve2/cmake-build-release/CMakeFiles/CMakeTmp'

Source file was:
int main() { return 0; }
Performing C++ SOURCE FILE Test Wno_unknown_pragmas succeeded with the following output:
Change Dir: /home/kevincybura/Desktop/c++/openbve2/cmake-build-release/CMakeFiles/CMakeTmp

Run Build Command:"/usr/bin/make" "cmTC_4f5ea/fast"
/usr/bin/make -f CMakeFiles/cmTC_4f5ea.dir/build.make CMakeFiles/cmTC_4f5ea.dir/build
make[1]: Entering directory '/home/kevincybura/Desktop/c++/openbve2/cmake-build-release/CMakeFiles/CMakeTmp'
Building CXX object CMakeFiles/cmTC_4f5ea.dir/src.cxx.o
/usr/bin/c++    -DWno_unknown_pragmas   -Wno-unknown-pragmas -std=c++14 -o CMakeFiles/cmTC_4f5ea.dir/src.cxx.o -c /home/kevincybura/Desktop/c++/openbve2/cmake-build-release/CMakeFiles/CMakeTmp/src.cxx
Linking CXX executable cmTC_4f5ea
/home/kevincybura/Desktop/clion-2018.1.3/bin/cmake/bin/cmake -E cmake_link_script CMakeFiles/cmTC_4f5ea.dir/link.txt --verbose=1
/usr/bin/c++   -DWno_unknown_pragmas    CMakeFiles/cmTC_4f5ea.dir/src.cxx.o  -o cmTC_4f5ea 
make[1]: Leaving directory '/home/kevincybura/Desktop/c++/openbve2/cmake-build-release/CMakeFiles/CMakeTmp'

Source file was:
int main() { return 0; }
Performing C++ SOURCE FILE Test Wuseless_cast succeeded with the following output:
Change Dir: /home/kevincybura/Desktop/c++/openbve2/cmake-build-release/CMakeFiles/CMakeTmp

Run Build Command:"/usr/bin/make" "cmTC_2d5e3/fast"
/usr/bin/make -f CMakeFiles/cmTC_2d5e3.dir/build.make CMakeFiles/cmTC_2d5e3.dir/build
make[1]: Entering directory '/home/kevincybura/Desktop/c++/openbve2/cmake-build-release/CMakeFiles/CMakeTmp'
Building CXX object CMakeFiles/cmTC_2d5e3.dir/src.cxx.o
/usr/bin/c++    -DWuseless_cast   -Wuseless-cast -std=c++14 -o CMakeFiles/cmTC_2d5e3.dir/src.cxx.o -c /home/kevincybura/Desktop/c++/openbve2/cmake-build-release/CMakeFiles/CMakeTmp/src.cxx
Linking CXX executable cmTC_2d5e3
/home/kevincybura/Desktop/clion-2018.1.3/bin/cmake/bin/cmake -E cmake_link_script CMakeFiles/cmTC_2d5e3.dir/link.txt --verbose=1
/usr/bin/c++   -DWuseless_cast    CMakeFiles/cmTC_2d5e3.dir/src.cxx.o  -o cmTC_2d5e3 
make[1]: Leaving directory '/home/kevincybura/Desktop/c++/openbve2/cmake-build-release/CMakeFiles/CMakeTmp'

Source file was:
int main() { return 0; }
